[2020-09-16 06:20:35] local.ERROR: preg_match(): Compilation failed: invalid range in character class at offset 20 {"exception":"[object] (ErrorException(code: 0): preg_match(): Compilation failed: invalid range in character class at offset 20 at /home/kyalo/Desktop/laravel/mazaoDirect/vendor/laravel/framework/src/Illuminate/Routing/Matching/UriValidator.php:21)
[stacktrace]
#0 [internal function]: Illuminate\\Foundation\\Bootstrap\\HandleExceptions->handleError()
#1 /home/kyalo/Desktop/laravel/mazaoDirect/vendor/laravel/framework/src/Illuminate/Routing/Matching/UriValidator.php(21): preg_match()
#2 /home/kyalo/Desktop/laravel/mazaoDirect/vendor/laravel/framework/src/Illuminate/Routing/Route.php(275): Illuminate\\Routing\\Matching\\UriValidator->matches()
#3 /home/kyalo/Desktop/laravel/mazaoDirect/vendor/laravel/framework/src/Illuminate/Routing/RouteCollection.php(197): Illuminate\\Routing\\Route->matches()
#4 /home/kyalo/Desktop/laravel/mazaoDirect/vendor/laravel/framework/src/Illuminate/Support/Arr.php(175): Illuminate\\Routing\\RouteCollection->Illuminate\\Routing\\{closure}()
#5 /home/kyalo/Desktop/laravel/mazaoDirect/vendor/laravel/framework/src/Illuminate/Support/Collection.php(367): Illuminate\\Support\\Arr::first()
#6 /home/kyalo/Desktop/laravel/mazaoDirect/vendor/laravel/framework/src/Illuminate/Routing/RouteCollection.php(198): Illuminate\\Support\\Collection->first()
#7 /home/kyalo/Desktop/laravel/mazaoDirect/vendor/laravel/framework/src/Illuminate/Routing/RouteCollection.php(164): Illuminate\\Routing\\RouteCollection->matchAgainstRoutes()
#8 /home/kyalo/Desktop/laravel/mazaoDirect/vendor/laravel/framework/src/Illuminate/Routing/Router.php(635): Illuminate\\Routing\\RouteCollection->match()
#9 /home/kyalo/Desktop/laravel/mazaoDirect/vendor/laravel/framework/src/Illuminate/Routing/Router.php(624): Illuminate\\Routing\\Router->findRoute()
#10 /home/kyalo/Desktop/laravel/mazaoDirect/vendor/laravel/framework/src/Illuminate/Routing/Router.php(613): Illuminate\\Routing\\Router->dispatchToRoute()
#11 /home/kyalo/Desktop/laravel/mazaoDirect/vendor/laravel/framework/src/Illuminate/Foundation/Http/Kernel.php(170): Illuminate\\Routing\\Router->dispatch()
#12 /home/kyalo/Desktop/laravel/mazaoDirect/vendor/laravel/framework/src/Illuminate/Pipeline/Pipeline.php(130): Illuminate\\Foundation\\Http\\Kernel->Illuminate\\Foundation\\Http\\{closure}()
#13 /home/kyalo/Desktop/laravel/mazaoDirect/vendor/laravel/framework/src/Illuminate/Foundation/Http/Middleware/TransformsRequest.php(21): Illuminate\\Pipeline\\Pipeline->Illuminate\\Pipeline\\{closure}()
#14 /home/kyalo/Desktop/laravel/mazaoDirect/vendor/laravel/framework/src/Illuminate/Pipeline/Pipeline.php(171): Illuminate\\Foundation\\Http\\Middleware\\TransformsRequest->handle()
#15 /home/kyalo/Desktop/laravel/mazaoDirect/vendor/laravel/framework/src/Illuminate/Foundation/Http/Middleware/TransformsRequest.php(21): Illuminate\\Pipeline\\Pipeline->Illuminate\\Pipeline\\{closure}()
#16 /home/kyalo/Desktop/laravel/mazaoDirect/vendor/laravel/framework/src/Illuminate/Pipeline/Pipeline.php(171): Illuminate\\Foundation\\Http\\Middleware\\TransformsRequest->handle()
#17 /home/kyalo/Desktop/laravel/mazaoDirect/vendor/laravel/framework/src/Illuminate/Foundation/Http/Middleware/ValidatePostSize.php(27): Illuminate\\Pipeline\\Pipeline->Illuminate\\Pipeline\\{closure}()
#18 /home/kyalo/Desktop/laravel/mazaoDirect/vendor/laravel/framework/src/Illuminate/Pipeline/Pipeline.php(171): Illuminate\\Foundation\\Http\\Middleware\\ValidatePostSize->handle()
#19 /home/kyalo/Desktop/laravel/mazaoDirect/vendor/laravel/framework/src/Illuminate/Foundation/Http/Middleware/CheckForMaintenanceMode.php(63): Illuminate\\Pipeline\\Pipeline->Illuminate\\Pipeline\\{closure}()
#20 /home/kyalo/Desktop/laravel/mazaoDirect/vendor/laravel/framework/src/Illuminate/Pipeline/Pipeline.php(171): Illuminate\\Foundation\\Http\\Middleware\\CheckForMaintenanceMode->handle()
#21 /home/kyalo/Desktop/laravel/mazaoDirect/vendor/fideloper/proxy/src/TrustProxies.php(57): Illuminate\\Pipeline\\Pipeline->Illuminate\\Pipeline\\{closure}()
#22 /home/kyalo/Desktop/laravel/mazaoDirect/vendor/laravel/framework/src/Illuminate/Pipeline/Pipeline.php(171): Fideloper\\Proxy\\TrustProxies->handle()
#23 /home/kyalo/Desktop/laravel/mazaoDirect/vendor/laravel/framework/src/Illuminate/Pipeline/Pipeline.php(105): Illuminate\\Pipeline\\Pipeline->Illuminate\\Pipeline\\{closure}()
#24 /home/kyalo/Desktop/laravel/mazaoDirect/vendor/laravel/framework/src/Illuminate/Foundation/Http/Kernel.php(145): Illuminate\\Pipeline\\Pipeline->then()
#25 /home/kyalo/Desktop/laravel/mazaoDirect/vendor/laravel/framework/src/Illuminate/Foundation/Http/Kernel.php(110): Illuminate\\Foundation\\Http\\Kernel->sendRequestThroughRouter()
#26 /home/kyalo/Desktop/laravel/mazaoDirect/public/index.php(55): Illuminate\\Foundation\\Http\\Kernel->handle()
#27 /home/kyalo/Desktop/laravel/mazaoDirect/server.php(21): require_once('/home/kyalo/Des...')
#28 {main}
"} 
[2020-09-16 06:20:36] local.ERROR: preg_match(): Compilation failed: invalid range in character class at offset 20 {"exception":"[object] (ErrorException(code: 0): preg_match(): Compilation failed: invalid range in character class at offset 20 at /home/kyalo/Desktop/laravel/mazaoDirect/vendor/laravel/framework/src/Illuminate/Routing/Matching/UriValidator.php:21)
[stacktrace]
#0 [internal function]: Illuminate\\Foundation\\Bootstrap\\HandleExceptions->handleError()
#1 /home/kyalo/Desktop/laravel/mazaoDirect/vendor/laravel/framework/src/Illuminate/Routing/Matching/UriValidator.php(21): preg_match()
#2 /home/kyalo/Desktop/laravel/mazaoDirect/vendor/laravel/framework/src/Illuminate/Routing/Route.php(275): Illuminate\\Routing\\Matching\\UriValidator->matches()
#3 /home/kyalo/Desktop/laravel/mazaoDirect/vendor/laravel/framework/src/Illuminate/Routing/RouteCollection.php(197): Illuminate\\Routing\\Route->matches()
#4 /home/kyalo/Desktop/laravel/mazaoDirect/vendor/laravel/framework/src/Illuminate/Support/Arr.php(175): Illuminate\\Routing\\RouteCollection->Illuminate\\Routing\\{closure}()
#5 /home/kyalo/Desktop/laravel/mazaoDirect/vendor/laravel/framework/src/Illuminate/Support/Collection.php(367): Illuminate\\Support\\Arr::first()
#6 /home/kyalo/Desktop/laravel/mazaoDirect/vendor/laravel/framework/src/Illuminate/Routing/RouteCollection.php(198): Illuminate\\Support\\Collection->first()
#7 /home/kyalo/Desktop/laravel/mazaoDirect/vendor/laravel/framework/src/Illuminate/Routing/RouteCollection.php(164): Illuminate\\Routing\\RouteCollection->matchAgainstRoutes()
#8 /home/kyalo/Desktop/laravel/mazaoDirect/vendor/laravel/framework/src/Illuminate/Routing/Router.php(635): Illuminate\\Routing\\RouteCollection->match()
#9 /home/kyalo/Desktop/laravel/mazaoDirect/vendor/laravel/framework/src/Illuminate/Routing/Router.php(624): Illuminate\\Routing\\Router->findRoute()
#10 /home/kyalo/Desktop/laravel/mazaoDirect/vendor/laravel/framework/src/Illuminate/Routing/Router.php(613): Illuminate\\Routing\\Router->dispatchToRoute()
#11 /home/kyalo/Desktop/laravel/mazaoDirect/vendor/laravel/framework/src/Illuminate/Foundation/Http/Kernel.php(170): Illuminate\\Routing\\Router->dispatch()
#12 /home/kyalo/Desktop/laravel/mazaoDirect/vendor/laravel/framework/src/Illuminate/Pipeline/Pipeline.php(130): Illuminate\\Foundation\\Http\\Kernel->Illuminate\\Foundation\\Http\\{closure}()
#13 /home/kyalo/Desktop/laravel/mazaoDirect/vendor/laravel/framework/src/Illuminate/Foundation/Http/Middleware/TransformsRequest.php(21): Illuminate\\Pipeline\\Pipeline->Illuminate\\Pipeline\\{closure}()
#14 /home/kyalo/Desktop/laravel/mazaoDirect/vendor/laravel/framework/src/Illuminate/Pipeline/Pipeline.php(171): Illuminate\\Foundation\\Http\\Middleware\\TransformsRequest->handle()
#15 /home/kyalo/Desktop/laravel/mazaoDirect/vendor/laravel/framework/src/Illuminate/Foundation/Http/Middleware/TransformsRequest.php(21): Illuminate\\Pipeline\\Pipeline->Illuminate\\Pipeline\\{closure}()
#16 /home/kyalo/Desktop/laravel/mazaoDirect/vendor/laravel/framework/src/Illuminate/Pipeline/Pipeline.php(171): Illuminate\\Foundation\\Http\\Middleware\\TransformsRequest->handle()
#17 /home/kyalo/Desktop/laravel/mazaoDirect/vendor/laravel/framework/src/Illuminate/Foundation/Http/Middleware/ValidatePostSize.php(27): Illuminate\\Pipeline\\Pipeline->Illuminate\\Pipeline\\{closure}()
#18 /home/kyalo/Desktop/laravel/mazaoDirect/vendor/laravel/framework/src/Illuminate/Pipeline/Pipeline.php(171): Illuminate\\Foundation\\Http\\Middleware\\ValidatePostSize->handle()
#19 /home/kyalo/Desktop/laravel/mazaoDirect/vendor/laravel/framework/src/Illuminate/Foundation/Http/Middleware/CheckForMaintenanceMode.php(63): Illuminate\\Pipeline\\Pipeline->Illuminate\\Pipeline\\{closure}()
#20 /home/kyalo/Desktop/laravel/mazaoDirect/vendor/laravel/framework/src/Illuminate/Pipeline/Pipeline.php(171): Illuminate\\Foundation\\Http\\Middleware\\CheckForMaintenanceMode->handle()
#21 /home/kyalo/Desktop/laravel/mazaoDirect/vendor/fideloper/proxy/src/TrustProxies.php(57): Illuminate\\Pipeline\\Pipeline->Illuminate\\Pipeline\\{closure}()
#22 /home/kyalo/Desktop/laravel/mazaoDirect/vendor/laravel/framework/src/Illuminate/Pipeline/Pipeline.php(171): Fideloper\\Proxy\\TrustProxies->handle()
#23 /home/kyalo/Desktop/laravel/mazaoDirect/vendor/laravel/framework/src/Illuminate/Pipeline/Pipeline.php(105): Illuminate\\Pipeline\\Pipeline->Illuminate\\Pipeline\\{closure}()
#24 /home/kyalo/Desktop/laravel/mazaoDirect/vendor/laravel/framework/src/Illuminate/Foundation/Http/Kernel.php(145): Illuminate\\Pipeline\\Pipeline->then()
#25 /home/kyalo/Desktop/laravel/mazaoDirect/vendor/laravel/framework/src/Illuminate/Foundation/Http/Kernel.php(110): Illuminate\\Foundation\\Http\\Kernel->sendRequestThroughRouter()
#26 /home/kyalo/Desktop/laravel/mazaoDirect/public/index.php(55): Illuminate\\Foundation\\Http\\Kernel->handle()
#27 /home/kyalo/Desktop/laravel/mazaoDirect/server.php(21): require_once('/home/kyalo/Des...')
#28 {main}
"} 
[2020-09-16 06:20:37] local.ERROR: preg_match(): Compilation failed: invalid range in character class at offset 20 {"exception":"[object] (ErrorException(code: 0): preg_match(): Compilation failed: invalid range in character class at offset 20 at /home/kyalo/Desktop/laravel/mazaoDirect/vendor/laravel/framework/src/Illuminate/Routing/Matching/UriValidator.php:21)
[stacktrace]
#0 [internal function]: Illuminate\\Foundation\\Bootstrap\\HandleExceptions->handleError()
#1 /home/kyalo/Desktop/laravel/mazaoDirect/vendor/laravel/framework/src/Illuminate/Routing/Matching/UriValidator.php(21): preg_match()
#2 /home/kyalo/Desktop/laravel/mazaoDirect/vendor/laravel/framework/src/Illuminate/Routing/Route.php(275): Illuminate\\Routing\\Matching\\UriValidator->matches()
#3 /home/kyalo/Desktop/laravel/mazaoDirect/vendor/laravel/framework/src/Illuminate/Routing/RouteCollection.php(197): Illuminate\\Routing\\Route->matches()
#4 /home/kyalo/Desktop/laravel/mazaoDirect/vendor/laravel/framework/src/Illuminate/Support/Arr.php(175): Illuminate\\Routing\\RouteCollection->Illuminate\\Routing\\{closure}()
#5 /home/kyalo/Desktop/laravel/mazaoDirect/vendor/laravel/framework/src/Illuminate/Support/Collection.php(367): Illuminate\\Support\\Arr::first()
#6 /home/kyalo/Desktop/laravel/mazaoDirect/vendor/laravel/framework/src/Illuminate/Routing/RouteCollection.php(198): Illuminate\\Support\\Collection->first()
#7 /home/kyalo/Desktop/laravel/mazaoDirect/vendor/laravel/framework/src/Illuminate/Routing/RouteCollection.php(164): Illuminate\\Routing\\RouteCollection->matchAgainstRoutes()
#8 /home/kyalo/Desktop/laravel/mazaoDirect/vendor/laravel/framework/src/Illuminate/Routing/Router.php(635): Illuminate\\Routing\\RouteCollection->match()
#9 /home/kyalo/Desktop/laravel/mazaoDirect/vendor/laravel/framework/src/Illuminate/Routing/Router.php(624): Illuminate\\Routing\\Router->findRoute()
#10 /home/kyalo/Desktop/laravel/mazaoDirect/vendor/laravel/framework/src/Illuminate/Routing/Router.php(613): Illuminate\\Routing\\Router->dispatchToRoute()
#11 /home/kyalo/Desktop/laravel/mazaoDirect/vendor/laravel/framework/src/Illuminate/Foundation/Http/Kernel.php(170): Illuminate\\Routing\\Router->dispatch()
#12 /home/kyalo/Desktop/laravel/mazaoDirect/vendor/laravel/framework/src/Illuminate/Pipeline/Pipeline.php(130): Illuminate\\Foundation\\Http\\Kernel->Illuminate\\Foundation\\Http\\{closure}()
#13 /home/kyalo/Desktop/laravel/mazaoDirect/vendor/laravel/framework/src/Illuminate/Foundation/Http/Middleware/TransformsRequest.php(21): Illuminate\\Pipeline\\Pipeline->Illuminate\\Pipeline\\{closure}()
#14 /home/kyalo/Desktop/laravel/mazaoDirect/vendor/laravel/framework/src/Illuminate/Pipeline/Pipeline.php(171): Illuminate\\Foundation\\Http\\Middleware\\TransformsRequest->handle()
#15 /home/kyalo/Desktop/laravel/mazaoDirect/vendor/laravel/framework/src/Illuminate/Foundation/Http/Middleware/TransformsRequest.php(21): Illuminate\\Pipeline\\Pipeline->Illuminate\\Pipeline\\{closure}()
#16 /home/kyalo/Desktop/laravel/mazaoDirect/vendor/laravel/framework/src/Illuminate/Pipeline/Pipeline.php(171): Illuminate\\Foundation\\Http\\Middleware\\TransformsRequest->handle()
#17 /home/kyalo/Desktop/laravel/mazaoDirect/vendor/laravel/framework/src/Illuminate/Foundation/Http/Middleware/ValidatePostSize.php(27): Illuminate\\Pipeline\\Pipeline->Illuminate\\Pipeline\\{closure}()
#18 /home/kyalo/Desktop/laravel/mazaoDirect/vendor/laravel/framework/src/Illuminate/Pipeline/Pipeline.php(171): Illuminate\\Foundation\\Http\\Middleware\\ValidatePostSize->handle()
#19 /home/kyalo/Desktop/laravel/mazaoDirect/vendor/laravel/framework/src/Illuminate/Foundation/Http/Middleware/CheckForMaintenanceMode.php(63): Illuminate\\Pipeline\\Pipeline->Illuminate\\Pipeline\\{closure}()
#20 /home/kyalo/Desktop/laravel/mazaoDirect/vendor/laravel/framework/src/Illuminate/Pipeline/Pipeline.php(171): Illuminate\\Foundation\\Http\\Middleware\\CheckForMaintenanceMode->handle()
#21 /home/kyalo/Desktop/laravel/mazaoDirect/vendor/fideloper/proxy/src/TrustProxies.php(57): Illuminate\\Pipeline\\Pipeline->Illuminate\\Pipeline\\{closure}()
#22 /home/kyalo/Desktop/laravel/mazaoDirect/vendor/laravel/framework/src/Illuminate/Pipeline/Pipeline.php(171): Fideloper\\Proxy\\TrustProxies->handle()
#23 /home/kyalo/Desktop/laravel/mazaoDirect/vendor/laravel/framework/src/Illuminate/Pipeline/Pipeline.php(105): Illuminate\\Pipeline\\Pipeline->Illuminate\\Pipeline\\{closure}()
#24 /home/kyalo/Desktop/laravel/mazaoDirect/vendor/laravel/framework/src/Illuminate/Foundation/Http/Kernel.php(145): Illuminate\\Pipeline\\Pipeline->then()
#25 /home/kyalo/Desktop/laravel/mazaoDirect/vendor/laravel/framework/src/Illuminate/Foundation/Http/Kernel.php(110): Illuminate\\Foundation\\Http\\Kernel->sendRequestThroughRouter()
#26 /home/kyalo/Desktop/laravel/mazaoDirect/public/index.php(55): Illuminate\\Foundation\\Http\\Kernel->handle()
#27 /home/kyalo/Desktop/laravel/mazaoDirect/server.php(21): require_once('/home/kyalo/Des...')
#28 {main}
"} 
[2020-09-16 06:20:37] local.ERROR: preg_match(): Compilation failed: invalid range in character class at offset 20 {"exception":"[object] (ErrorException(code: 0): preg_match(): Compilation failed: invalid range in character class at offset 20 at /home/kyalo/Desktop/laravel/mazaoDirect/vendor/laravel/framework/src/Illuminate/Routing/Matching/UriValidator.php:21)
[stacktrace]
#0 [internal function]: Illuminate\\Foundation\\Bootstrap\\HandleExceptions->handleError()
#1 /home/kyalo/Desktop/laravel/mazaoDirect/vendor/laravel/framework/src/Illuminate/Routing/Matching/UriValidator.php(21): preg_match()
#2 /home/kyalo/Desktop/laravel/mazaoDirect/vendor/laravel/framework/src/Illuminate/Routing/Route.php(275): Illuminate\\Routing\\Matching\\UriValidator->matches()
#3 /home/kyalo/Desktop/laravel/mazaoDirect/vendor/laravel/framework/src/Illuminate/Routing/RouteCollection.php(197): Illuminate\\Routing\\Route->matches()
#4 /home/kyalo/Desktop/laravel/mazaoDirect/vendor/laravel/framework/src/Illuminate/Support/Arr.php(175): Illuminate\\Routing\\RouteCollection->Illuminate\\Routing\\{closure}()
#5 /home/kyalo/Desktop/laravel/mazaoDirect/vendor/laravel/framework/src/Illuminate/Support/Collection.php(367): Illuminate\\Support\\Arr::first()
#6 /home/kyalo/Desktop/laravel/mazaoDirect/vendor/laravel/framework/src/Illuminate/Routing/RouteCollection.php(198): Illuminate\\Support\\Collection->first()
#7 /home/kyalo/Desktop/laravel/mazaoDirect/vendor/laravel/framework/src/Illuminate/Routing/RouteCollection.php(164): Illuminate\\Routing\\RouteCollection->matchAgainstRoutes()
#8 /home/kyalo/Desktop/laravel/mazaoDirect/vendor/laravel/framework/src/Illuminate/Routing/Router.php(635): Illuminate\\Routing\\RouteCollection->match()
#9 /home/kyalo/Desktop/laravel/mazaoDirect/vendor/laravel/framework/src/Illuminate/Routing/Router.php(624): Illuminate\\Routing\\Router->findRoute()
#10 /home/kyalo/Desktop/laravel/mazaoDirect/vendor/laravel/framework/src/Illuminate/Routing/Router.php(613): Illuminate\\Routing\\Router->dispatchToRoute()
#11 /home/kyalo/Desktop/laravel/mazaoDirect/vendor/laravel/framework/src/Illuminate/Foundation/Http/Kernel.php(170): Illuminate\\Routing\\Router->dispatch()
#12 /home/kyalo/Desktop/laravel/mazaoDirect/vendor/laravel/framework/src/Illuminate/Pipeline/Pipeline.php(130): Illuminate\\Foundation\\Http\\Kernel->Illuminate\\Foundation\\Http\\{closure}()
#13 /home/kyalo/Desktop/laravel/mazaoDirect/vendor/laravel/framework/src/Illuminate/Foundation/Http/Middleware/TransformsRequest.php(21): Illuminate\\Pipeline\\Pipeline->Illuminate\\Pipeline\\{closure}()
#14 /home/kyalo/Desktop/laravel/mazaoDirect/vendor/laravel/framework/src/Illuminate/Pipeline/Pipeline.php(171): Illuminate\\Foundation\\Http\\Middleware\\TransformsRequest->handle()
#15 /home/kyalo/Desktop/laravel/mazaoDirect/vendor/laravel/framework/src/Illuminate/Foundation/Http/Middleware/TransformsRequest.php(21): Illuminate\\Pipeline\\Pipeline->Illuminate\\Pipeline\\{closure}()
#16 /home/kyalo/Desktop/laravel/mazaoDirect/vendor/laravel/framework/src/Illuminate/Pipeline/Pipeline.php(171): Illuminate\\Foundation\\Http\\Middleware\\TransformsRequest->handle()
#17 /home/kyalo/Desktop/laravel/mazaoDirect/vendor/laravel/framework/src/Illuminate/Foundation/Http/Middleware/ValidatePostSize.php(27): Illuminate\\Pipeline\\Pipeline->Illuminate\\Pipeline\\{closure}()
#18 /home/kyalo/Desktop/laravel/mazaoDirect/vendor/laravel/framework/src/Illuminate/Pipeline/Pipeline.php(171): Illuminate\\Foundation\\Http\\Middleware\\ValidatePostSize->handle()
#19 /home/kyalo/Desktop/laravel/mazaoDirect/vendor/laravel/framework/src/Illuminate/Foundation/Http/Middleware/CheckForMaintenanceMode.php(63): Illuminate\\Pipeline\\Pipeline->Illuminate\\Pipeline\\{closure}()
#20 /home/kyalo/Desktop/laravel/mazaoDirect/vendor/laravel/framework/src/Illuminate/Pipeline/Pipeline.php(171): Illuminate\\Foundation\\Http\\Middleware\\CheckForMaintenanceMode->handle()
#21 /home/kyalo/Desktop/laravel/mazaoDirect/vendor/fideloper/proxy/src/TrustProxies.php(57): Illuminate\\Pipeline\\Pipeline->Illuminate\\Pipeline\\{closure}()
#22 /home/kyalo/Desktop/laravel/mazaoDirect/vendor/laravel/framework/src/Illuminate/Pipeline/Pipeline.php(171): Fideloper\\Proxy\\TrustProxies->handle()
#23 /home/kyalo/Desktop/laravel/mazaoDirect/vendor/laravel/framework/src/Illuminate/Pipeline/Pipeline.php(105): Illuminate\\Pipeline\\Pipeline->Illuminate\\Pipeline\\{closure}()
#24 /home/kyalo/Desktop/laravel/mazaoDirect/vendor/laravel/framework/src/Illuminate/Foundation/Http/Kernel.php(145): Illuminate\\Pipeline\\Pipeline->then()
#25 /home/kyalo/Desktop/laravel/mazaoDirect/vendor/laravel/framework/src/Illuminate/Foundation/Http/Kernel.php(110): Illuminate\\Foundation\\Http\\Kernel->sendRequestThroughRouter()
#26 /home/kyalo/Desktop/laravel/mazaoDirect/public/index.php(55): Illuminate\\Foundation\\Http\\Kernel->handle()
#27 /home/kyalo/Desktop/laravel/mazaoDirect/server.php(21): require_once('/home/kyalo/Des...')
#28 {main}
"} 
[2020-09-16 06:20:42] local.ERROR: preg_match(): Compilation failed: invalid range in character class at offset 20 {"exception":"[object] (ErrorException(code: 0): preg_match(): Compilation failed: invalid range in character class at offset 20 at /home/kyalo/Desktop/laravel/mazaoDirect/vendor/laravel/framework/src/Illuminate/Routing/Matching/UriValidator.php:21)
[stacktrace]
#0 [internal function]: Illuminate\\Foundation\\Bootstrap\\HandleExceptions->handleError()
#1 /home/kyalo/Desktop/laravel/mazaoDirect/vendor/laravel/framework/src/Illuminate/Routing/Matching/UriValidator.php(21): preg_match()
#2 /home/kyalo/Desktop/laravel/mazaoDirect/vendor/laravel/framework/src/Illuminate/Routing/Route.php(275): Illuminate\\Routing\\Matching\\UriValidator->matches()
#3 /home/kyalo/Desktop/laravel/mazaoDirect/vendor/laravel/framework/src/Illuminate/Routing/RouteCollection.php(197): Illuminate\\Routing\\Route->matches()
#4 /home/kyalo/Desktop/laravel/mazaoDirect/vendor/laravel/framework/src/Illuminate/Support/Arr.php(175): Illuminate\\Routing\\RouteCollection->Illuminate\\Routing\\{closure}()
#5 /home/kyalo/Desktop/laravel/mazaoDirect/vendor/laravel/framework/src/Illuminate/Support/Collection.php(367): Illuminate\\Support\\Arr::first()
#6 /home/kyalo/Desktop/laravel/mazaoDirect/vendor/laravel/framework/src/Illuminate/Routing/RouteCollection.php(198): Illuminate\\Support\\Collection->first()
#7 /home/kyalo/Desktop/laravel/mazaoDirect/vendor/laravel/framework/src/Illuminate/Routing/RouteCollection.php(164): Illuminate\\Routing\\RouteCollection->matchAgainstRoutes()
#8 /home/kyalo/Desktop/laravel/mazaoDirect/vendor/laravel/framework/src/Illuminate/Routing/Router.php(635): Illuminate\\Routing\\RouteCollection->match()
#9 /home/kyalo/Desktop/laravel/mazaoDirect/vendor/laravel/framework/src/Illuminate/Routing/Router.php(624): Illuminate\\Routing\\Router->findRoute()
#10 /home/kyalo/Desktop/laravel/mazaoDirect/vendor/laravel/framework/src/Illuminate/Routing/Router.php(613): Illuminate\\Routing\\Router->dispatchToRoute()
#11 /home/kyalo/Desktop/laravel/mazaoDirect/vendor/laravel/framework/src/Illuminate/Foundation/Http/Kernel.php(170): Illuminate\\Routing\\Router->dispatch()
#12 /home/kyalo/Desktop/laravel/mazaoDirect/vendor/laravel/framework/src/Illuminate/Pipeline/Pipeline.php(130): Illuminate\\Foundation\\Http\\Kernel->Illuminate\\Foundation\\Http\\{closure}()
#13 /home/kyalo/Desktop/laravel/mazaoDirect/vendor/laravel/framework/src/Illuminate/Foundation/Http/Middleware/TransformsRequest.php(21): Illuminate\\Pipeline\\Pipeline->Illuminate\\Pipeline\\{closure}()
#14 /home/kyalo/Desktop/laravel/mazaoDirect/vendor/laravel/framework/src/Illuminate/Pipeline/Pipeline.php(171): Illuminate\\Foundation\\Http\\Middleware\\TransformsRequest->handle()
#15 /home/kyalo/Desktop/laravel/mazaoDirect/vendor/laravel/framework/src/Illuminate/Foundation/Http/Middleware/TransformsRequest.php(21): Illuminate\\Pipeline\\Pipeline->Illuminate\\Pipeline\\{closure}()
#16 /home/kyalo/Desktop/laravel/mazaoDirect/vendor/laravel/framework/src/Illuminate/Pipeline/Pipeline.php(171): Illuminate\\Foundation\\Http\\Middleware\\TransformsRequest->handle()
#17 /home/kyalo/Desktop/laravel/mazaoDirect/vendor/laravel/framework/src/Illuminate/Foundation/Http/Middleware/ValidatePostSize.php(27): Illuminate\\Pipeline\\Pipeline->Illuminate\\Pipeline\\{closure}()
#18 /home/kyalo/Desktop/laravel/mazaoDirect/vendor/laravel/framework/src/Illuminate/Pipeline/Pipeline.php(171): Illuminate\\Foundation\\Http\\Middleware\\ValidatePostSize->handle()
#19 /home/kyalo/Desktop/laravel/mazaoDirect/vendor/laravel/framework/src/Illuminate/Foundation/Http/Middleware/CheckForMaintenanceMode.php(63): Illuminate\\Pipeline\\Pipeline->Illuminate\\Pipeline\\{closure}()
#20 /home/kyalo/Desktop/laravel/mazaoDirect/vendor/laravel/framework/src/Illuminate/Pipeline/Pipeline.php(171): Illuminate\\Foundation\\Http\\Middleware\\CheckForMaintenanceMode->handle()
#21 /home/kyalo/Desktop/laravel/mazaoDirect/vendor/fideloper/proxy/src/TrustProxies.php(57): Illuminate\\Pipeline\\Pipeline->Illuminate\\Pipeline\\{closure}()
#22 /home/kyalo/Desktop/laravel/mazaoDirect/vendor/laravel/framework/src/Illuminate/Pipeline/Pipeline.php(171): Fideloper\\Proxy\\TrustProxies->handle()
#23 /home/kyalo/Desktop/laravel/mazaoDirect/vendor/laravel/framework/src/Illuminate/Pipeline/Pipeline.php(105): Illuminate\\Pipeline\\Pipeline->Illuminate\\Pipeline\\{closure}()
#24 /home/kyalo/Desktop/laravel/mazaoDirect/vendor/laravel/framework/src/Illuminate/Foundation/Http/Kernel.php(145): Illuminate\\Pipeline\\Pipeline->then()
#25 /home/kyalo/Desktop/laravel/mazaoDirect/vendor/laravel/framework/src/Illuminate/Foundation/Http/Kernel.php(110): Illuminate\\Foundation\\Http\\Kernel->sendRequestThroughRouter()
#26 /home/kyalo/Desktop/laravel/mazaoDirect/public/index.php(55): Illuminate\\Foundation\\Http\\Kernel->handle()
#27 /home/kyalo/Desktop/laravel/mazaoDirect/server.php(21): require_once('/home/kyalo/Des...')
#28 {main}
"} 
[2020-09-16 06:20:43] local.ERROR: preg_match(): Compilation failed: invalid range in character class at offset 20 {"exception":"[object] (ErrorException(code: 0): preg_match(): Compilation failed: invalid range in character class at offset 20 at /home/kyalo/Desktop/laravel/mazaoDirect/vendor/laravel/framework/src/Illuminate/Routing/Matching/UriValidator.php:21)
[stacktrace]
#0 [internal function]: Illuminate\\Foundation\\Bootstrap\\HandleExceptions->handleError()
#1 /home/kyalo/Desktop/laravel/mazaoDirect/vendor/laravel/framework/src/Illuminate/Routing/Matching/UriValidator.php(21): preg_match()
#2 /home/kyalo/Desktop/laravel/mazaoDirect/vendor/laravel/framework/src/Illuminate/Routing/Route.php(275): Illuminate\\Routing\\Matching\\UriValidator->matches()
#3 /home/kyalo/Desktop/laravel/mazaoDirect/vendor/laravel/framework/src/Illuminate/Routing/RouteCollection.php(197): Illuminate\\Routing\\Route->matches()
#4 /home/kyalo/Desktop/laravel/mazaoDirect/vendor/laravel/framework/src/Illuminate/Support/Arr.php(175): Illuminate\\Routing\\RouteCollection->Illuminate\\Routing\\{closure}()
#5 /home/kyalo/Desktop/laravel/mazaoDirect/vendor/laravel/framework/src/Illuminate/Support/Collection.php(367): Illuminate\\Support\\Arr::first()
#6 /home/kyalo/Desktop/laravel/mazaoDirect/vendor/laravel/framework/src/Illuminate/Routing/RouteCollection.php(198): Illuminate\\Support\\Collection->first()
#7 /home/kyalo/Desktop/laravel/mazaoDirect/vendor/laravel/framework/src/Illuminate/Routing/RouteCollection.php(164): Illuminate\\Routing\\RouteCollection->matchAgainstRoutes()
#8 /home/kyalo/Desktop/laravel/mazaoDirect/vendor/laravel/framework/src/Illuminate/Routing/Router.php(635): Illuminate\\Routing\\RouteCollection->match()
#9 /home/kyalo/Desktop/laravel/mazaoDirect/vendor/laravel/framework/src/Illuminate/Routing/Router.php(624): Illuminate\\Routing\\Router->findRoute()
#10 /home/kyalo/Desktop/laravel/mazaoDirect/vendor/laravel/framework/src/Illuminate/Routing/Router.php(613): Illuminate\\Routing\\Router->dispatchToRoute()
#11 /home/kyalo/Desktop/laravel/mazaoDirect/vendor/laravel/framework/src/Illuminate/Foundation/Http/Kernel.php(170): Illuminate\\Routing\\Router->dispatch()
#12 /home/kyalo/Desktop/laravel/mazaoDirect/vendor/laravel/framework/src/Illuminate/Pipeline/Pipeline.php(130): Illuminate\\Foundation\\Http\\Kernel->Illuminate\\Foundation\\Http\\{closure}()
#13 /home/kyalo/Desktop/laravel/mazaoDirect/vendor/laravel/framework/src/Illuminate/Foundation/Http/Middleware/TransformsRequest.php(21): Illuminate\\Pipeline\\Pipeline->Illuminate\\Pipeline\\{closure}()
#14 /home/kyalo/Desktop/laravel/mazaoDirect/vendor/laravel/framework/src/Illuminate/Pipeline/Pipeline.php(171): Illuminate\\Foundation\\Http\\Middleware\\TransformsRequest->handle()
#15 /home/kyalo/Desktop/laravel/mazaoDirect/vendor/laravel/framework/src/Illuminate/Foundation/Http/Middleware/TransformsRequest.php(21): Illuminate\\Pipeline\\Pipeline->Illuminate\\Pipeline\\{closure}()
#16 /home/kyalo/Desktop/laravel/mazaoDirect/vendor/laravel/framework/src/Illuminate/Pipeline/Pipeline.php(171): Illuminate\\Foundation\\Http\\Middleware\\TransformsRequest->handle()
#17 /home/kyalo/Desktop/laravel/mazaoDirect/vendor/laravel/framework/src/Illuminate/Foundation/Http/Middleware/ValidatePostSize.php(27): Illuminate\\Pipeline\\Pipeline->Illuminate\\Pipeline\\{closure}()
#18 /home/kyalo/Desktop/laravel/mazaoDirect/vendor/laravel/framework/src/Illuminate/Pipeline/Pipeline.php(171): Illuminate\\Foundation\\Http\\Middleware\\ValidatePostSize->handle()
#19 /home/kyalo/Desktop/laravel/mazaoDirect/vendor/laravel/framework/src/Illuminate/Foundation/Http/Middleware/CheckForMaintenanceMode.php(63): Illuminate\\Pipeline\\Pipeline->Illuminate\\Pipeline\\{closure}()
#20 /home/kyalo/Desktop/laravel/mazaoDirect/vendor/laravel/framework/src/Illuminate/Pipeline/Pipeline.php(171): Illuminate\\Foundation\\Http\\Middleware\\CheckForMaintenanceMode->handle()
#21 /home/kyalo/Desktop/laravel/mazaoDirect/vendor/fideloper/proxy/src/TrustProxies.php(57): Illuminate\\Pipeline\\Pipeline->Illuminate\\Pipeline\\{closure}()
#22 /home/kyalo/Desktop/laravel/mazaoDirect/vendor/laravel/framework/src/Illuminate/Pipeline/Pipeline.php(171): Fideloper\\Proxy\\TrustProxies->handle()
#23 /home/kyalo/Desktop/laravel/mazaoDirect/vendor/laravel/framework/src/Illuminate/Pipeline/Pipeline.php(105): Illuminate\\Pipeline\\Pipeline->Illuminate\\Pipeline\\{closure}()
#24 /home/kyalo/Desktop/laravel/mazaoDirect/vendor/laravel/framework/src/Illuminate/Foundation/Http/Kernel.php(145): Illuminate\\Pipeline\\Pipeline->then()
#25 /home/kyalo/Desktop/laravel/mazaoDirect/vendor/laravel/framework/src/Illuminate/Foundation/Http/Kernel.php(110): Illuminate\\Foundation\\Http\\Kernel->sendRequestThroughRouter()
#26 /home/kyalo/Desktop/laravel/mazaoDirect/public/index.php(55): Illuminate\\Foundation\\Http\\Kernel->handle()
#27 /home/kyalo/Desktop/laravel/mazaoDirect/server.php(21): require_once('/home/kyalo/Des...')
#28 {main}
"} 
[2020-09-16 06:20:44] local.ERROR: preg_match(): Compilation failed: invalid range in character class at offset 20 {"exception":"[object] (ErrorException(code: 0): preg_match(): Compilation failed: invalid range in character class at offset 20 at /home/kyalo/Desktop/laravel/mazaoDirect/vendor/laravel/framework/src/Illuminate/Routing/Matching/UriValidator.php:21)
[stacktrace]
#0 [internal function]: Illuminate\\Foundation\\Bootstrap\\HandleExceptions->handleError()
#1 /home/kyalo/Desktop/laravel/mazaoDirect/vendor/laravel/framework/src/Illuminate/Routing/Matching/UriValidator.php(21): preg_match()
#2 /home/kyalo/Desktop/laravel/mazaoDirect/vendor/laravel/framework/src/Illuminate/Routing/Route.php(275): Illuminate\\Routing\\Matching\\UriValidator->matches()
#3 /home/kyalo/Desktop/laravel/mazaoDirect/vendor/laravel/framework/src/Illuminate/Routing/RouteCollection.php(197): Illuminate\\Routing\\Route->matches()
#4 /home/kyalo/Desktop/laravel/mazaoDirect/vendor/laravel/framework/src/Illuminate/Support/Arr.php(175): Illuminate\\Routing\\RouteCollection->Illuminate\\Routing\\{closure}()
#5 /home/kyalo/Desktop/laravel/mazaoDirect/vendor/laravel/framework/src/Illuminate/Support/Collection.php(367): Illuminate\\Support\\Arr::first()
#6 /home/kyalo/Desktop/laravel/mazaoDirect/vendor/laravel/framework/src/Illuminate/Routing/RouteCollection.php(198): Illuminate\\Support\\Collection->first()
#7 /home/kyalo/Desktop/laravel/mazaoDirect/vendor/laravel/framework/src/Illuminate/Routing/RouteCollection.php(164): Illuminate\\Routing\\RouteCollection->matchAgainstRoutes()
#8 /home/kyalo/Desktop/laravel/mazaoDirect/vendor/laravel/framework/src/Illuminate/Routing/Router.php(635): Illuminate\\Routing\\RouteCollection->match()
#9 /home/kyalo/Desktop/laravel/mazaoDirect/vendor/laravel/framework/src/Illuminate/Routing/Router.php(624): Illuminate\\Routing\\Router->findRoute()
#10 /home/kyalo/Desktop/laravel/mazaoDirect/vendor/laravel/framework/src/Illuminate/Routing/Router.php(613): Illuminate\\Routing\\Router->dispatchToRoute()
#11 /home/kyalo/Desktop/laravel/mazaoDirect/vendor/laravel/framework/src/Illuminate/Foundation/Http/Kernel.php(170): Illuminate\\Routing\\Router->dispatch()
#12 /home/kyalo/Desktop/laravel/mazaoDirect/vendor/laravel/framework/src/Illuminate/Pipeline/Pipeline.php(130): Illuminate\\Foundation\\Http\\Kernel->Illuminate\\Foundation\\Http\\{closure}()
#13 /home/kyalo/Desktop/laravel/mazaoDirect/vendor/laravel/framework/src/Illuminate/Foundation/Http/Middleware/TransformsRequest.php(21): Illuminate\\Pipeline\\Pipeline->Illuminate\\Pipeline\\{closure}()
#14 /home/kyalo/Desktop/laravel/mazaoDirect/vendor/laravel/framework/src/Illuminate/Pipeline/Pipeline.php(171): Illuminate\\Foundation\\Http\\Middleware\\TransformsRequest->handle()
#15 /home/kyalo/Desktop/laravel/mazaoDirect/vendor/laravel/framework/src/Illuminate/Foundation/Http/Middleware/TransformsRequest.php(21): Illuminate\\Pipeline\\Pipeline->Illuminate\\Pipeline\\{closure}()
#16 /home/kyalo/Desktop/laravel/mazaoDirect/vendor/laravel/framework/src/Illuminate/Pipeline/Pipeline.php(171): Illuminate\\Foundation\\Http\\Middleware\\TransformsRequest->handle()
#17 /home/kyalo/Desktop/laravel/mazaoDirect/vendor/laravel/framework/src/Illuminate/Foundation/Http/Middleware/ValidatePostSize.php(27): Illuminate\\Pipeline\\Pipeline->Illuminate\\Pipeline\\{closure}()
#18 /home/kyalo/Desktop/laravel/mazaoDirect/vendor/laravel/framework/src/Illuminate/Pipeline/Pipeline.php(171): Illuminate\\Foundation\\Http\\Middleware\\ValidatePostSize->handle()
#19 /home/kyalo/Desktop/laravel/mazaoDirect/vendor/laravel/framework/src/Illuminate/Foundation/Http/Middleware/CheckForMaintenanceMode.php(63): Illuminate\\Pipeline\\Pipeline->Illuminate\\Pipeline\\{closure}()
#20 /home/kyalo/Desktop/laravel/mazaoDirect/vendor/laravel/framework/src/Illuminate/Pipeline/Pipeline.php(171): Illuminate\\Foundation\\Http\\Middleware\\CheckForMaintenanceMode->handle()
#21 /home/kyalo/Desktop/laravel/mazaoDirect/vendor/fideloper/proxy/src/TrustProxies.php(57): Illuminate\\Pipeline\\Pipeline->Illuminate\\Pipeline\\{closure}()
#22 /home/kyalo/Desktop/laravel/mazaoDirect/vendor/laravel/framework/src/Illuminate/Pipeline/Pipeline.php(171): Fideloper\\Proxy\\TrustProxies->handle()
#23 /home/kyalo/Desktop/laravel/mazaoDirect/vendor/laravel/framework/src/Illuminate/Pipeline/Pipeline.php(105): Illuminate\\Pipeline\\Pipeline->Illuminate\\Pipeline\\{closure}()
#24 /home/kyalo/Desktop/laravel/mazaoDirect/vendor/laravel/framework/src/Illuminate/Foundation/Http/Kernel.php(145): Illuminate\\Pipeline\\Pipeline->then()
#25 /home/kyalo/Desktop/laravel/mazaoDirect/vendor/laravel/framework/src/Illuminate/Foundation/Http/Kernel.php(110): Illuminate\\Foundation\\Http\\Kernel->sendRequestThroughRouter()
#26 /home/kyalo/Desktop/laravel/mazaoDirect/public/index.php(55): Illuminate\\Foundation\\Http\\Kernel->handle()
#27 /home/kyalo/Desktop/laravel/mazaoDirect/server.php(21): require_once('/home/kyalo/Des...')
#28 {main}
"} 
[2020-09-16 06:20:45] local.ERROR: preg_match(): Compilation failed: invalid range in character class at offset 20 {"exception":"[object] (ErrorException(code: 0): preg_match(): Compilation failed: invalid range in character class at offset 20 at /home/kyalo/Desktop/laravel/mazaoDirect/vendor/laravel/framework/src/Illuminate/Routing/Matching/UriValidator.php:21)
[stacktrace]
#0 [internal function]: Illuminate\\Foundation\\Bootstrap\\HandleExceptions->handleError()
#1 /home/kyalo/Desktop/laravel/mazaoDirect/vendor/laravel/framework/src/Illuminate/Routing/Matching/UriValidator.php(21): preg_match()
#2 /home/kyalo/Desktop/laravel/mazaoDirect/vendor/laravel/framework/src/Illuminate/Routing/Route.php(275): Illuminate\\Routing\\Matching\\UriValidator->matches()
#3 /home/kyalo/Desktop/laravel/mazaoDirect/vendor/laravel/framework/src/Illuminate/Routing/RouteCollection.php(197): Illuminate\\Routing\\Route->matches()
#4 /home/kyalo/Desktop/laravel/mazaoDirect/vendor/laravel/framework/src/Illuminate/Support/Arr.php(175): Illuminate\\Routing\\RouteCollection->Illuminate\\Routing\\{closure}()
#5 /home/kyalo/Desktop/laravel/mazaoDirect/vendor/laravel/framework/src/Illuminate/Support/Collection.php(367): Illuminate\\Support\\Arr::first()
#6 /home/kyalo/Desktop/laravel/mazaoDirect/vendor/laravel/framework/src/Illuminate/Routing/RouteCollection.php(198): Illuminate\\Support\\Collection->first()
#7 /home/kyalo/Desktop/laravel/mazaoDirect/vendor/laravel/framework/src/Illuminate/Routing/RouteCollection.php(164): Illuminate\\Routing\\RouteCollection->matchAgainstRoutes()
#8 /home/kyalo/Desktop/laravel/mazaoDirect/vendor/laravel/framework/src/Illuminate/Routing/Router.php(635): Illuminate\\Routing\\RouteCollection->match()
#9 /home/kyalo/Desktop/laravel/mazaoDirect/vendor/laravel/framework/src/Illuminate/Routing/Router.php(624): Illuminate\\Routing\\Router->findRoute()
#10 /home/kyalo/Desktop/laravel/mazaoDirect/vendor/laravel/framework/src/Illuminate/Routing/Router.php(613): Illuminate\\Routing\\Router->dispatchToRoute()
#11 /home/kyalo/Desktop/laravel/mazaoDirect/vendor/laravel/framework/src/Illuminate/Foundation/Http/Kernel.php(170): Illuminate\\Routing\\Router->dispatch()
#12 /home/kyalo/Desktop/laravel/mazaoDirect/vendor/laravel/framework/src/Illuminate/Pipeline/Pipeline.php(130): Illuminate\\Foundation\\Http\\Kernel->Illuminate\\Foundation\\Http\\{closure}()
#13 /home/kyalo/Desktop/laravel/mazaoDirect/vendor/laravel/framework/src/Illuminate/Foundation/Http/Middleware/TransformsRequest.php(21): Illuminate\\Pipeline\\Pipeline->Illuminate\\Pipeline\\{closure}()
#14 /home/kyalo/Desktop/laravel/mazaoDirect/vendor/laravel/framework/src/Illuminate/Pipeline/Pipeline.php(171): Illuminate\\Foundation\\Http\\Middleware\\TransformsRequest->handle()
#15 /home/kyalo/Desktop/laravel/mazaoDirect/vendor/laravel/framework/src/Illuminate/Foundation/Http/Middleware/TransformsRequest.php(21): Illuminate\\Pipeline\\Pipeline->Illuminate\\Pipeline\\{closure}()
#16 /home/kyalo/Desktop/laravel/mazaoDirect/vendor/laravel/framework/src/Illuminate/Pipeline/Pipeline.php(171): Illuminate\\Foundation\\Http\\Middleware\\TransformsRequest->handle()
#17 /home/kyalo/Desktop/laravel/mazaoDirect/vendor/laravel/framework/src/Illuminate/Foundation/Http/Middleware/ValidatePostSize.php(27): Illuminate\\Pipeline\\Pipeline->Illuminate\\Pipeline\\{closure}()
#18 /home/kyalo/Desktop/laravel/mazaoDirect/vendor/laravel/framework/src/Illuminate/Pipeline/Pipeline.php(171): Illuminate\\Foundation\\Http\\Middleware\\ValidatePostSize->handle()
#19 /home/kyalo/Desktop/laravel/mazaoDirect/vendor/laravel/framework/src/Illuminate/Foundation/Http/Middleware/CheckForMaintenanceMode.php(63): Illuminate\\Pipeline\\Pipeline->Illuminate\\Pipeline\\{closure}()
#20 /home/kyalo/Desktop/laravel/mazaoDirect/vendor/laravel/framework/src/Illuminate/Pipeline/Pipeline.php(171): Illuminate\\Foundation\\Http\\Middleware\\CheckForMaintenanceMode->handle()
#21 /home/kyalo/Desktop/laravel/mazaoDirect/vendor/fideloper/proxy/src/TrustProxies.php(57): Illuminate\\Pipeline\\Pipeline->Illuminate\\Pipeline\\{closure}()
#22 /home/kyalo/Desktop/laravel/mazaoDirect/vendor/laravel/framework/src/Illuminate/Pipeline/Pipeline.php(171): Fideloper\\Proxy\\TrustProxies->handle()
#23 /home/kyalo/Desktop/laravel/mazaoDirect/vendor/laravel/framework/src/Illuminate/Pipeline/Pipeline.php(105): Illuminate\\Pipeline\\Pipeline->Illuminate\\Pipeline\\{closure}()
#24 /home/kyalo/Desktop/laravel/mazaoDirect/vendor/laravel/framework/src/Illuminate/Foundation/Http/Kernel.php(145): Illuminate\\Pipeline\\Pipeline->then()
#25 /home/kyalo/Desktop/laravel/mazaoDirect/vendor/laravel/framework/src/Illuminate/Foundation/Http/Kernel.php(110): Illuminate\\Foundation\\Http\\Kernel->sendRequestThroughRouter()
#26 /home/kyalo/Desktop/laravel/mazaoDirect/public/index.php(55): Illuminate\\Foundation\\Http\\Kernel->handle()
#27 /home/kyalo/Desktop/laravel/mazaoDirect/server.php(21): require_once('/home/kyalo/Des...')
#28 {main}
"} 
[2020-09-16 07:16:24] local.ERROR: preg_match(): Compilation failed: invalid range in character class at offset 20 {"exception":"[object] (ErrorException(code: 0): preg_match(): Compilation failed: invalid range in character class at offset 20 at /home/kyalo/Desktop/laravel/mazaoDirect/vendor/laravel/framework/src/Illuminate/Routing/Matching/UriValidator.php:21)
[stacktrace]
#0 [internal function]: Illuminate\\Foundation\\Bootstrap\\HandleExceptions->handleError()
#1 /home/kyalo/Desktop/laravel/mazaoDirect/vendor/laravel/framework/src/Illuminate/Routing/Matching/UriValidator.php(21): preg_match()
#2 /home/kyalo/Desktop/laravel/mazaoDirect/vendor/laravel/framework/src/Illuminate/Routing/Route.php(275): Illuminate\\Routing\\Matching\\UriValidator->matches()
#3 /home/kyalo/Desktop/laravel/mazaoDirect/vendor/laravel/framework/src/Illuminate/Routing/RouteCollection.php(197): Illuminate\\Routing\\Route->matches()
#4 /home/kyalo/Desktop/laravel/mazaoDirect/vendor/laravel/framework/src/Illuminate/Support/Arr.php(175): Illuminate\\Routing\\RouteCollection->Illuminate\\Routing\\{closure}()
#5 /home/kyalo/Desktop/laravel/mazaoDirect/vendor/laravel/framework/src/Illuminate/Support/Collection.php(367): Illuminate\\Support\\Arr::first()
#6 /home/kyalo/Desktop/laravel/mazaoDirect/vendor/laravel/framework/src/Illuminate/Routing/RouteCollection.php(198): Illuminate\\Support\\Collection->first()
#7 /home/kyalo/Desktop/laravel/mazaoDirect/vendor/laravel/framework/src/Illuminate/Routing/RouteCollection.php(164): Illuminate\\Routing\\RouteCollection->matchAgainstRoutes()
#8 /home/kyalo/Desktop/laravel/mazaoDirect/vendor/laravel/framework/src/Illuminate/Routing/Router.php(635): Illuminate\\Routing\\RouteCollection->match()
#9 /home/kyalo/Desktop/laravel/mazaoDirect/vendor/laravel/framework/src/Illuminate/Routing/Router.php(624): Illuminate\\Routing\\Router->findRoute()
#10 /home/kyalo/Desktop/laravel/mazaoDirect/vendor/laravel/framework/src/Illuminate/Routing/Router.php(613): Illuminate\\Routing\\Router->dispatchToRoute()
#11 /home/kyalo/Desktop/laravel/mazaoDirect/vendor/laravel/framework/src/Illuminate/Foundation/Http/Kernel.php(170): Illuminate\\Routing\\Router->dispatch()
#12 /home/kyalo/Desktop/laravel/mazaoDirect/vendor/laravel/framework/src/Illuminate/Pipeline/Pipeline.php(130): Illuminate\\Foundation\\Http\\Kernel->Illuminate\\Foundation\\Http\\{closure}()
#13 /home/kyalo/Desktop/laravel/mazaoDirect/vendor/laravel/framework/src/Illuminate/Foundation/Http/Middleware/TransformsRequest.php(21): Illuminate\\Pipeline\\Pipeline->Illuminate\\Pipeline\\{closure}()
#14 /home/kyalo/Desktop/laravel/mazaoDirect/vendor/laravel/framework/src/Illuminate/Pipeline/Pipeline.php(171): Illuminate\\Foundation\\Http\\Middleware\\TransformsRequest->handle()
#15 /home/kyalo/Desktop/laravel/mazaoDirect/vendor/laravel/framework/src/Illuminate/Foundation/Http/Middleware/TransformsRequest.php(21): Illuminate\\Pipeline\\Pipeline->Illuminate\\Pipeline\\{closure}()
#16 /home/kyalo/Desktop/laravel/mazaoDirect/vendor/laravel/framework/src/Illuminate/Pipeline/Pipeline.php(171): Illuminate\\Foundation\\Http\\Middleware\\TransformsRequest->handle()
#17 /home/kyalo/Desktop/laravel/mazaoDirect/vendor/laravel/framework/src/Illuminate/Foundation/Http/Middleware/ValidatePostSize.php(27): Illuminate\\Pipeline\\Pipeline->Illuminate\\Pipeline\\{closure}()
#18 /home/kyalo/Desktop/laravel/mazaoDirect/vendor/laravel/framework/src/Illuminate/Pipeline/Pipeline.php(171): Illuminate\\Foundation\\Http\\Middleware\\ValidatePostSize->handle()
#19 /home/kyalo/Desktop/laravel/mazaoDirect/vendor/laravel/framework/src/Illuminate/Foundation/Http/Middleware/CheckForMaintenanceMode.php(63): Illuminate\\Pipeline\\Pipeline->Illuminate\\Pipeline\\{closure}()
#20 /home/kyalo/Desktop/laravel/mazaoDirect/vendor/laravel/framework/src/Illuminate/Pipeline/Pipeline.php(171): Illuminate\\Foundation\\Http\\Middleware\\CheckForMaintenanceMode->handle()
#21 /home/kyalo/Desktop/laravel/mazaoDirect/vendor/fideloper/proxy/src/TrustProxies.php(57): Illuminate\\Pipeline\\Pipeline->Illuminate\\Pipeline\\{closure}()
#22 /home/kyalo/Desktop/laravel/mazaoDirect/vendor/laravel/framework/src/Illuminate/Pipeline/Pipeline.php(171): Fideloper\\Proxy\\TrustProxies->handle()
#23 /home/kyalo/Desktop/laravel/mazaoDirect/vendor/laravel/framework/src/Illuminate/Pipeline/Pipeline.php(105): Illuminate\\Pipeline\\Pipeline->Illuminate\\Pipeline\\{closure}()
#24 /home/kyalo/Desktop/laravel/mazaoDirect/vendor/laravel/framework/src/Illuminate/Foundation/Http/Kernel.php(145): Illuminate\\Pipeline\\Pipeline->then()
#25 /home/kyalo/Desktop/laravel/mazaoDirect/vendor/laravel/framework/src/Illuminate/Foundation/Http/Kernel.php(110): Illuminate\\Foundation\\Http\\Kernel->sendRequestThroughRouter()
#26 /home/kyalo/Desktop/laravel/mazaoDirect/public/index.php(55): Illuminate\\Foundation\\Http\\Kernel->handle()
#27 /home/kyalo/Desktop/laravel/mazaoDirect/server.php(21): require_once('/home/kyalo/Des...')
#28 {main}
"} 
[2020-09-16 07:16:46] local.ERROR: preg_match(): Compilation failed: invalid range in character class at offset 20 {"exception":"[object] (ErrorException(code: 0): preg_match(): Compilation failed: invalid range in character class at offset 20 at /home/kyalo/Desktop/laravel/mazaoDirect/vendor/laravel/framework/src/Illuminate/Routing/Matching/UriValidator.php:21)
[stacktrace]
#0 [internal function]: Illuminate\\Foundation\\Bootstrap\\HandleExceptions->handleError()
#1 /home/kyalo/Desktop/laravel/mazaoDirect/vendor/laravel/framework/src/Illuminate/Routing/Matching/UriValidator.php(21): preg_match()
#2 /home/kyalo/Desktop/laravel/mazaoDirect/vendor/laravel/framework/src/Illuminate/Routing/Route.php(275): Illuminate\\Routing\\Matching\\UriValidator->matches()
#3 /home/kyalo/Desktop/laravel/mazaoDirect/vendor/laravel/framework/src/Illuminate/Routing/RouteCollection.php(197): Illuminate\\Routing\\Route->matches()
#4 /home/kyalo/Desktop/laravel/mazaoDirect/vendor/laravel/framework/src/Illuminate/Support/Arr.php(175): Illuminate\\Routing\\RouteCollection->Illuminate\\Routing\\{closure}()
#5 /home/kyalo/Desktop/laravel/mazaoDirect/vendor/laravel/framework/src/Illuminate/Support/Collection.php(367): Illuminate\\Support\\Arr::first()
#6 /home/kyalo/Desktop/laravel/mazaoDirect/vendor/laravel/framework/src/Illuminate/Routing/RouteCollection.php(198): Illuminate\\Support\\Collection->first()
#7 /home/kyalo/Desktop/laravel/mazaoDirect/vendor/laravel/framework/src/Illuminate/Routing/RouteCollection.php(164): Illuminate\\Routing\\RouteCollection->matchAgainstRoutes()
#8 /home/kyalo/Desktop/laravel/mazaoDirect/vendor/laravel/framework/src/Illuminate/Routing/Router.php(635): Illuminate\\Routing\\RouteCollection->match()
#9 /home/kyalo/Desktop/laravel/mazaoDirect/vendor/laravel/framework/src/Illuminate/Routing/Router.php(624): Illuminate\\Routing\\Router->findRoute()
#10 /home/kyalo/Desktop/laravel/mazaoDirect/vendor/laravel/framework/src/Illuminate/Routing/Router.php(613): Illuminate\\Routing\\Router->dispatchToRoute()
#11 /home/kyalo/Desktop/laravel/mazaoDirect/vendor/laravel/framework/src/Illuminate/Foundation/Http/Kernel.php(170): Illuminate\\Routing\\Router->dispatch()
#12 /home/kyalo/Desktop/laravel/mazaoDirect/vendor/laravel/framework/src/Illuminate/Pipeline/Pipeline.php(130): Illuminate\\Foundation\\Http\\Kernel->Illuminate\\Foundation\\Http\\{closure}()
#13 /home/kyalo/Desktop/laravel/mazaoDirect/vendor/laravel/framework/src/Illuminate/Foundation/Http/Middleware/TransformsRequest.php(21): Illuminate\\Pipeline\\Pipeline->Illuminate\\Pipeline\\{closure}()
#14 /home/kyalo/Desktop/laravel/mazaoDirect/vendor/laravel/framework/src/Illuminate/Pipeline/Pipeline.php(171): Illuminate\\Foundation\\Http\\Middleware\\TransformsRequest->handle()
#15 /home/kyalo/Desktop/laravel/mazaoDirect/vendor/laravel/framework/src/Illuminate/Foundation/Http/Middleware/TransformsRequest.php(21): Illuminate\\Pipeline\\Pipeline->Illuminate\\Pipeline\\{closure}()
#16 /home/kyalo/Desktop/laravel/mazaoDirect/vendor/laravel/framework/src/Illuminate/Pipeline/Pipeline.php(171): Illuminate\\Foundation\\Http\\Middleware\\TransformsRequest->handle()
#17 /home/kyalo/Desktop/laravel/mazaoDirect/vendor/laravel/framework/src/Illuminate/Foundation/Http/Middleware/ValidatePostSize.php(27): Illuminate\\Pipeline\\Pipeline->Illuminate\\Pipeline\\{closure}()
#18 /home/kyalo/Desktop/laravel/mazaoDirect/vendor/laravel/framework/src/Illuminate/Pipeline/Pipeline.php(171): Illuminate\\Foundation\\Http\\Middleware\\ValidatePostSize->handle()
#19 /home/kyalo/Desktop/laravel/mazaoDirect/vendor/laravel/framework/src/Illuminate/Foundation/Http/Middleware/CheckForMaintenanceMode.php(63): Illuminate\\Pipeline\\Pipeline->Illuminate\\Pipeline\\{closure}()
#20 /home/kyalo/Desktop/laravel/mazaoDirect/vendor/laravel/framework/src/Illuminate/Pipeline/Pipeline.php(171): Illuminate\\Foundation\\Http\\Middleware\\CheckForMaintenanceMode->handle()
#21 /home/kyalo/Desktop/laravel/mazaoDirect/vendor/fideloper/proxy/src/TrustProxies.php(57): Illuminate\\Pipeline\\Pipeline->Illuminate\\Pipeline\\{closure}()
#22 /home/kyalo/Desktop/laravel/mazaoDirect/vendor/laravel/framework/src/Illuminate/Pipeline/Pipeline.php(171): Fideloper\\Proxy\\TrustProxies->handle()
#23 /home/kyalo/Desktop/laravel/mazaoDirect/vendor/laravel/framework/src/Illuminate/Pipeline/Pipeline.php(105): Illuminate\\Pipeline\\Pipeline->Illuminate\\Pipeline\\{closure}()
#24 /home/kyalo/Desktop/laravel/mazaoDirect/vendor/laravel/framework/src/Illuminate/Foundation/Http/Kernel.php(145): Illuminate\\Pipeline\\Pipeline->then()
#25 /home/kyalo/Desktop/laravel/mazaoDirect/vendor/laravel/framework/src/Illuminate/Foundation/Http/Kernel.php(110): Illuminate\\Foundation\\Http\\Kernel->sendRequestThroughRouter()
#26 /home/kyalo/Desktop/laravel/mazaoDirect/public/index.php(55): Illuminate\\Foundation\\Http\\Kernel->handle()
#27 /home/kyalo/Desktop/laravel/mazaoDirect/server.php(21): require_once('/home/kyalo/Des...')
#28 {main}
"} 
