[2019-12-12 06:23:16] local.ERROR: Too few arguments to function Illuminate\Auth\Access\Gate::define(), 1 passed in /opt/lampp/htdocs/royalhotel/vendor/laravel/framework/src/Illuminate/Support/Facades/Facade.php on line 261 and exactly 2 expected {"exception":"[object] (Symfony\\Component\\Debug\\Exception\\FatalThrowableError(code: 0): Too few arguments to function Illuminate\\Auth\\Access\\Gate::define(), 1 passed in /opt/lampp/htdocs/royalhotel/vendor/laravel/framework/src/Illuminate/Support/Facades/Facade.php on line 261 and exactly 2 expected at /opt/lampp/htdocs/royalhotel/vendor/laravel/framework/src/Illuminate/Auth/Access/Gate.php:127)
[stacktrace]
#0 /opt/lampp/htdocs/royalhotel/vendor/laravel/framework/src/Illuminate/Support/Facades/Facade.php(261): Illuminate\\Auth\\Access\\Gate->define('isAdmin')
#1 /opt/lampp/htdocs/royalhotel/app/Providers/AuthServiceProvider.php(29): Illuminate\\Support\\Facades\\Facade::__callStatic('define', Array)
#2 [internal function]: App\\Providers\\AuthServiceProvider->boot()
#3 /opt/lampp/htdocs/royalhotel/vendor/laravel/framework/src/Illuminate/Container/BoundMethod.php(32): call_user_func_array(Array, Array)
#4 /opt/lampp/htdocs/royalhotel/vendor/laravel/framework/src/Illuminate/Container/Util.php(36): Illuminate\\Container\\BoundMethod::Illuminate\\Container\\{closure}()
#5 /opt/lampp/htdocs/royalhotel/vendor/laravel/framework/src/Illuminate/Container/BoundMethod.php(90): Illuminate\\Container\\Util::unwrapIfClosure(Object(Closure))
#6 /opt/lampp/htdocs/royalhotel/vendor/laravel/framework/src/Illuminate/Container/BoundMethod.php(34): Illuminate\\Container\\BoundMethod::callBoundMethod(Object(Illuminate\\Foundation\\Application), Array, Object(Closure))
#7 /opt/lampp/htdocs/royalhotel/vendor/laravel/framework/src/Illuminate/Container/Container.php(590): Illuminate\\Container\\BoundMethod::call(Object(Illuminate\\Foundation\\Application), Array, Array, NULL)
#8 /opt/lampp/htdocs/royalhotel/vendor/laravel/framework/src/Illuminate/Foundation/Application.php(829): Illuminate\\Container\\Container->call(Array)
#9 /opt/lampp/htdocs/royalhotel/vendor/laravel/framework/src/Illuminate/Foundation/Application.php(812): Illuminate\\Foundation\\Application->bootProvider(Object(App\\Providers\\AuthServiceProvider))
#10 [internal function]: Illuminate\\Foundation\\Application->Illuminate\\Foundation\\{closure}(Object(App\\Providers\\AuthServiceProvider), 22)
#11 /opt/lampp/htdocs/royalhotel/vendor/laravel/framework/src/Illuminate/Foundation/Application.php(813): array_walk(Array, Object(Closure))
#12 /opt/lampp/htdocs/royalhotel/vendor/laravel/framework/src/Illuminate/Foundation/Bootstrap/BootProviders.php(17): Illuminate\\Foundation\\Application->boot()
#13 /opt/lampp/htdocs/royalhotel/vendor/laravel/framework/src/Illuminate/Foundation/Application.php(212): Illuminate\\Foundation\\Bootstrap\\BootProviders->bootstrap(Object(Illuminate\\Foundation\\Application))
#14 /opt/lampp/htdocs/royalhotel/vendor/laravel/framework/src/Illuminate/Foundation/Http/Kernel.php(163): Illuminate\\Foundation\\Application->bootstrapWith(Array)
#15 /opt/lampp/htdocs/royalhotel/vendor/laravel/framework/src/Illuminate/Foundation/Http/Kernel.php(147): Illuminate\\Foundation\\Http\\Kernel->bootstrap()
#16 /opt/lampp/htdocs/royalhotel/vendor/laravel/framework/src/Illuminate/Foundation/Http/Kernel.php(117): Illuminate\\Foundation\\Http\\Kernel->sendRequestThroughRouter(Object(Illuminate\\Http\\Request))
#17 /opt/lampp/htdocs/royalhotel/public/index.php(55): Illuminate\\Foundation\\Http\\Kernel->handle(Object(Illuminate\\Http\\Request))
#18 /opt/lampp/htdocs/royalhotel/server.php(21): require_once('/opt/lampp/htdo...')
#19 {main}
"} 
[2019-12-12 06:23:16] local.ERROR: Too few arguments to function Illuminate\Auth\Access\Gate::define(), 1 passed in /opt/lampp/htdocs/royalhotel/vendor/laravel/framework/src/Illuminate/Support/Facades/Facade.php on line 261 and exactly 2 expected {"exception":"[object] (Symfony\\Component\\Debug\\Exception\\FatalThrowableError(code: 0): Too few arguments to function Illuminate\\Auth\\Access\\Gate::define(), 1 passed in /opt/lampp/htdocs/royalhotel/vendor/laravel/framework/src/Illuminate/Support/Facades/Facade.php on line 261 and exactly 2 expected at /opt/lampp/htdocs/royalhotel/vendor/laravel/framework/src/Illuminate/Auth/Access/Gate.php:127)
[stacktrace]
#0 /opt/lampp/htdocs/royalhotel/vendor/laravel/framework/src/Illuminate/Support/Facades/Facade.php(261): Illuminate\\Auth\\Access\\Gate->define('isAdmin')
#1 /opt/lampp/htdocs/royalhotel/app/Providers/AuthServiceProvider.php(29): Illuminate\\Support\\Facades\\Facade::__callStatic('define', Array)
#2 [internal function]: App\\Providers\\AuthServiceProvider->boot()
#3 /opt/lampp/htdocs/royalhotel/vendor/laravel/framework/src/Illuminate/Container/BoundMethod.php(32): call_user_func_array(Array, Array)
#4 /opt/lampp/htdocs/royalhotel/vendor/laravel/framework/src/Illuminate/Container/Util.php(36): Illuminate\\Container\\BoundMethod::Illuminate\\Container\\{closure}()
#5 /opt/lampp/htdocs/royalhotel/vendor/laravel/framework/src/Illuminate/Container/BoundMethod.php(90): Illuminate\\Container\\Util::unwrapIfClosure(Object(Closure))
#6 /opt/lampp/htdocs/royalhotel/vendor/laravel/framework/src/Illuminate/Container/BoundMethod.php(34): Illuminate\\Container\\BoundMethod::callBoundMethod(Object(Illuminate\\Foundation\\Application), Array, Object(Closure))
#7 /opt/lampp/htdocs/royalhotel/vendor/laravel/framework/src/Illuminate/Container/Container.php(590): Illuminate\\Container\\BoundMethod::call(Object(Illuminate\\Foundation\\Application), Array, Array, NULL)
#8 /opt/lampp/htdocs/royalhotel/vendor/laravel/framework/src/Illuminate/Foundation/Application.php(829): Illuminate\\Container\\Container->call(Array)
#9 /opt/lampp/htdocs/royalhotel/vendor/laravel/framework/src/Illuminate/Foundation/Application.php(812): Illuminate\\Foundation\\Application->bootProvider(Object(App\\Providers\\AuthServiceProvider))
#10 [internal function]: Illuminate\\Foundation\\Application->Illuminate\\Foundation\\{closure}(Object(App\\Providers\\AuthServiceProvider), 22)
#11 /opt/lampp/htdocs/royalhotel/vendor/laravel/framework/src/Illuminate/Foundation/Application.php(813): array_walk(Array, Object(Closure))
#12 /opt/lampp/htdocs/royalhotel/vendor/laravel/framework/src/Illuminate/Foundation/Bootstrap/BootProviders.php(17): Illuminate\\Foundation\\Application->boot()
#13 /opt/lampp/htdocs/royalhotel/vendor/laravel/framework/src/Illuminate/Foundation/Application.php(212): Illuminate\\Foundation\\Bootstrap\\BootProviders->bootstrap(Object(Illuminate\\Foundation\\Application))
#14 /opt/lampp/htdocs/royalhotel/vendor/laravel/framework/src/Illuminate/Foundation/Http/Kernel.php(163): Illuminate\\Foundation\\Application->bootstrapWith(Array)
#15 /opt/lampp/htdocs/royalhotel/vendor/laravel/framework/src/Illuminate/Foundation/Http/Kernel.php(147): Illuminate\\Foundation\\Http\\Kernel->bootstrap()
#16 /opt/lampp/htdocs/royalhotel/vendor/laravel/framework/src/Illuminate/Foundation/Http/Kernel.php(117): Illuminate\\Foundation\\Http\\Kernel->sendRequestThroughRouter(Object(Illuminate\\Http\\Request))
#17 /opt/lampp/htdocs/royalhotel/public/index.php(55): Illuminate\\Foundation\\Http\\Kernel->handle(Object(Illuminate\\Http\\Request))
#18 /opt/lampp/htdocs/royalhotel/server.php(21): require_once('/opt/lampp/htdo...')
#19 {main}
"} 
[2019-12-12 06:24:20] local.ERROR: Too few arguments to function Illuminate\Auth\Access\Gate::define(), 1 passed in /opt/lampp/htdocs/royalhotel/vendor/laravel/framework/src/Illuminate/Support/Facades/Facade.php on line 261 and exactly 2 expected {"exception":"[object] (Symfony\\Component\\Debug\\Exception\\FatalThrowableError(code: 0): Too few arguments to function Illuminate\\Auth\\Access\\Gate::define(), 1 passed in /opt/lampp/htdocs/royalhotel/vendor/laravel/framework/src/Illuminate/Support/Facades/Facade.php on line 261 and exactly 2 expected at /opt/lampp/htdocs/royalhotel/vendor/laravel/framework/src/Illuminate/Auth/Access/Gate.php:127)
[stacktrace]
#0 /opt/lampp/htdocs/royalhotel/vendor/laravel/framework/src/Illuminate/Support/Facades/Facade.php(261): Illuminate\\Auth\\Access\\Gate->define('isAdmin')
#1 /opt/lampp/htdocs/royalhotel/app/Providers/AuthServiceProvider.php(29): Illuminate\\Support\\Facades\\Facade::__callStatic('define', Array)
#2 [internal function]: App\\Providers\\AuthServiceProvider->boot()
#3 /opt/lampp/htdocs/royalhotel/vendor/laravel/framework/src/Illuminate/Container/BoundMethod.php(32): call_user_func_array(Array, Array)
#4 /opt/lampp/htdocs/royalhotel/vendor/laravel/framework/src/Illuminate/Container/Util.php(36): Illuminate\\Container\\BoundMethod::Illuminate\\Container\\{closure}()
#5 /opt/lampp/htdocs/royalhotel/vendor/laravel/framework/src/Illuminate/Container/BoundMethod.php(90): Illuminate\\Container\\Util::unwrapIfClosure(Object(Closure))
#6 /opt/lampp/htdocs/royalhotel/vendor/laravel/framework/src/Illuminate/Container/BoundMethod.php(34): Illuminate\\Container\\BoundMethod::callBoundMethod(Object(Illuminate\\Foundation\\Application), Array, Object(Closure))
#7 /opt/lampp/htdocs/royalhotel/vendor/laravel/framework/src/Illuminate/Container/Container.php(590): Illuminate\\Container\\BoundMethod::call(Object(Illuminate\\Foundation\\Application), Array, Array, NULL)
#8 /opt/lampp/htdocs/royalhotel/vendor/laravel/framework/src/Illuminate/Foundation/Application.php(829): Illuminate\\Container\\Container->call(Array)
#9 /opt/lampp/htdocs/royalhotel/vendor/laravel/framework/src/Illuminate/Foundation/Application.php(812): Illuminate\\Foundation\\Application->bootProvider(Object(App\\Providers\\AuthServiceProvider))
#10 [internal function]: Illuminate\\Foundation\\Application->Illuminate\\Foundation\\{closure}(Object(App\\Providers\\AuthServiceProvider), 22)
#11 /opt/lampp/htdocs/royalhotel/vendor/laravel/framework/src/Illuminate/Foundation/Application.php(813): array_walk(Array, Object(Closure))
#12 /opt/lampp/htdocs/royalhotel/vendor/laravel/framework/src/Illuminate/Foundation/Bootstrap/BootProviders.php(17): Illuminate\\Foundation\\Application->boot()
#13 /opt/lampp/htdocs/royalhotel/vendor/laravel/framework/src/Illuminate/Foundation/Application.php(212): Illuminate\\Foundation\\Bootstrap\\BootProviders->bootstrap(Object(Illuminate\\Foundation\\Application))
#14 /opt/lampp/htdocs/royalhotel/vendor/laravel/framework/src/Illuminate/Foundation/Http/Kernel.php(163): Illuminate\\Foundation\\Application->bootstrapWith(Array)
#15 /opt/lampp/htdocs/royalhotel/vendor/laravel/framework/src/Illuminate/Foundation/Http/Kernel.php(147): Illuminate\\Foundation\\Http\\Kernel->bootstrap()
#16 /opt/lampp/htdocs/royalhotel/vendor/laravel/framework/src/Illuminate/Foundation/Http/Kernel.php(117): Illuminate\\Foundation\\Http\\Kernel->sendRequestThroughRouter(Object(Illuminate\\Http\\Request))
#17 /opt/lampp/htdocs/royalhotel/public/index.php(55): Illuminate\\Foundation\\Http\\Kernel->handle(Object(Illuminate\\Http\\Request))
#18 /opt/lampp/htdocs/royalhotel/server.php(21): require_once('/opt/lampp/htdo...')
#19 {main}
"} 
[2019-12-12 06:24:29] local.ERROR: Too few arguments to function Illuminate\Auth\Access\Gate::define(), 1 passed in /opt/lampp/htdocs/royalhotel/vendor/laravel/framework/src/Illuminate/Support/Facades/Facade.php on line 261 and exactly 2 expected {"exception":"[object] (Symfony\\Component\\Debug\\Exception\\FatalThrowableError(code: 0): Too few arguments to function Illuminate\\Auth\\Access\\Gate::define(), 1 passed in /opt/lampp/htdocs/royalhotel/vendor/laravel/framework/src/Illuminate/Support/Facades/Facade.php on line 261 and exactly 2 expected at /opt/lampp/htdocs/royalhotel/vendor/laravel/framework/src/Illuminate/Auth/Access/Gate.php:127)
[stacktrace]
#0 /opt/lampp/htdocs/royalhotel/vendor/laravel/framework/src/Illuminate/Support/Facades/Facade.php(261): Illuminate\\Auth\\Access\\Gate->define('isAdmin')
#1 /opt/lampp/htdocs/royalhotel/app/Providers/AuthServiceProvider.php(29): Illuminate\\Support\\Facades\\Facade::__callStatic('define', Array)
#2 [internal function]: App\\Providers\\AuthServiceProvider->boot()
#3 /opt/lampp/htdocs/royalhotel/vendor/laravel/framework/src/Illuminate/Container/BoundMethod.php(32): call_user_func_array(Array, Array)
#4 /opt/lampp/htdocs/royalhotel/vendor/laravel/framework/src/Illuminate/Container/Util.php(36): Illuminate\\Container\\BoundMethod::Illuminate\\Container\\{closure}()
#5 /opt/lampp/htdocs/royalhotel/vendor/laravel/framework/src/Illuminate/Container/BoundMethod.php(90): Illuminate\\Container\\Util::unwrapIfClosure(Object(Closure))
#6 /opt/lampp/htdocs/royalhotel/vendor/laravel/framework/src/Illuminate/Container/BoundMethod.php(34): Illuminate\\Container\\BoundMethod::callBoundMethod(Object(Illuminate\\Foundation\\Application), Array, Object(Closure))
#7 /opt/lampp/htdocs/royalhotel/vendor/laravel/framework/src/Illuminate/Container/Container.php(590): Illuminate\\Container\\BoundMethod::call(Object(Illuminate\\Foundation\\Application), Array, Array, NULL)
#8 /opt/lampp/htdocs/royalhotel/vendor/laravel/framework/src/Illuminate/Foundation/Application.php(829): Illuminate\\Container\\Container->call(Array)
#9 /opt/lampp/htdocs/royalhotel/vendor/laravel/framework/src/Illuminate/Foundation/Application.php(812): Illuminate\\Foundation\\Application->bootProvider(Object(App\\Providers\\AuthServiceProvider))
#10 [internal function]: Illuminate\\Foundation\\Application->Illuminate\\Foundation\\{closure}(Object(App\\Providers\\AuthServiceProvider), 22)
#11 /opt/lampp/htdocs/royalhotel/vendor/laravel/framework/src/Illuminate/Foundation/Application.php(813): array_walk(Array, Object(Closure))
#12 /opt/lampp/htdocs/royalhotel/vendor/laravel/framework/src/Illuminate/Foundation/Bootstrap/BootProviders.php(17): Illuminate\\Foundation\\Application->boot()
#13 /opt/lampp/htdocs/royalhotel/vendor/laravel/framework/src/Illuminate/Foundation/Application.php(212): Illuminate\\Foundation\\Bootstrap\\BootProviders->bootstrap(Object(Illuminate\\Foundation\\Application))
#14 /opt/lampp/htdocs/royalhotel/vendor/laravel/framework/src/Illuminate/Foundation/Http/Kernel.php(163): Illuminate\\Foundation\\Application->bootstrapWith(Array)
#15 /opt/lampp/htdocs/royalhotel/vendor/laravel/framework/src/Illuminate/Foundation/Http/Kernel.php(147): Illuminate\\Foundation\\Http\\Kernel->bootstrap()
#16 /opt/lampp/htdocs/royalhotel/vendor/laravel/framework/src/Illuminate/Foundation/Http/Kernel.php(117): Illuminate\\Foundation\\Http\\Kernel->sendRequestThroughRouter(Object(Illuminate\\Http\\Request))
#17 /opt/lampp/htdocs/royalhotel/public/index.php(55): Illuminate\\Foundation\\Http\\Kernel->handle(Object(Illuminate\\Http\\Request))
#18 /opt/lampp/htdocs/royalhotel/server.php(21): require_once('/opt/lampp/htdo...')
#19 {main}
"} 
[2019-12-12 06:24:29] local.ERROR: Too few arguments to function Illuminate\Auth\Access\Gate::define(), 1 passed in /opt/lampp/htdocs/royalhotel/vendor/laravel/framework/src/Illuminate/Support/Facades/Facade.php on line 261 and exactly 2 expected {"exception":"[object] (Symfony\\Component\\Debug\\Exception\\FatalThrowableError(code: 0): Too few arguments to function Illuminate\\Auth\\Access\\Gate::define(), 1 passed in /opt/lampp/htdocs/royalhotel/vendor/laravel/framework/src/Illuminate/Support/Facades/Facade.php on line 261 and exactly 2 expected at /opt/lampp/htdocs/royalhotel/vendor/laravel/framework/src/Illuminate/Auth/Access/Gate.php:127)
[stacktrace]
#0 /opt/lampp/htdocs/royalhotel/vendor/laravel/framework/src/Illuminate/Support/Facades/Facade.php(261): Illuminate\\Auth\\Access\\Gate->define('isAdmin')
#1 /opt/lampp/htdocs/royalhotel/app/Providers/AuthServiceProvider.php(29): Illuminate\\Support\\Facades\\Facade::__callStatic('define', Array)
#2 [internal function]: App\\Providers\\AuthServiceProvider->boot()
#3 /opt/lampp/htdocs/royalhotel/vendor/laravel/framework/src/Illuminate/Container/BoundMethod.php(32): call_user_func_array(Array, Array)
#4 /opt/lampp/htdocs/royalhotel/vendor/laravel/framework/src/Illuminate/Container/Util.php(36): Illuminate\\Container\\BoundMethod::Illuminate\\Container\\{closure}()
#5 /opt/lampp/htdocs/royalhotel/vendor/laravel/framework/src/Illuminate/Container/BoundMethod.php(90): Illuminate\\Container\\Util::unwrapIfClosure(Object(Closure))
#6 /opt/lampp/htdocs/royalhotel/vendor/laravel/framework/src/Illuminate/Container/BoundMethod.php(34): Illuminate\\Container\\BoundMethod::callBoundMethod(Object(Illuminate\\Foundation\\Application), Array, Object(Closure))
#7 /opt/lampp/htdocs/royalhotel/vendor/laravel/framework/src/Illuminate/Container/Container.php(590): Illuminate\\Container\\BoundMethod::call(Object(Illuminate\\Foundation\\Application), Array, Array, NULL)
#8 /opt/lampp/htdocs/royalhotel/vendor/laravel/framework/src/Illuminate/Foundation/Application.php(829): Illuminate\\Container\\Container->call(Array)
#9 /opt/lampp/htdocs/royalhotel/vendor/laravel/framework/src/Illuminate/Foundation/Application.php(812): Illuminate\\Foundation\\Application->bootProvider(Object(App\\Providers\\AuthServiceProvider))
#10 [internal function]: Illuminate\\Foundation\\Application->Illuminate\\Foundation\\{closure}(Object(App\\Providers\\AuthServiceProvider), 22)
#11 /opt/lampp/htdocs/royalhotel/vendor/laravel/framework/src/Illuminate/Foundation/Application.php(813): array_walk(Array, Object(Closure))
#12 /opt/lampp/htdocs/royalhotel/vendor/laravel/framework/src/Illuminate/Foundation/Bootstrap/BootProviders.php(17): Illuminate\\Foundation\\Application->boot()
#13 /opt/lampp/htdocs/royalhotel/vendor/laravel/framework/src/Illuminate/Foundation/Application.php(212): Illuminate\\Foundation\\Bootstrap\\BootProviders->bootstrap(Object(Illuminate\\Foundation\\Application))
#14 /opt/lampp/htdocs/royalhotel/vendor/laravel/framework/src/Illuminate/Foundation/Http/Kernel.php(163): Illuminate\\Foundation\\Application->bootstrapWith(Array)
#15 /opt/lampp/htdocs/royalhotel/vendor/laravel/framework/src/Illuminate/Foundation/Http/Kernel.php(147): Illuminate\\Foundation\\Http\\Kernel->bootstrap()
#16 /opt/lampp/htdocs/royalhotel/vendor/laravel/framework/src/Illuminate/Foundation/Http/Kernel.php(117): Illuminate\\Foundation\\Http\\Kernel->sendRequestThroughRouter(Object(Illuminate\\Http\\Request))
#17 /opt/lampp/htdocs/royalhotel/public/index.php(55): Illuminate\\Foundation\\Http\\Kernel->handle(Object(Illuminate\\Http\\Request))
#18 /opt/lampp/htdocs/royalhotel/server.php(21): require_once('/opt/lampp/htdo...')
#19 {main}
"} 
