[2019-12-05 11:28:05] local.ERROR: Use of undefined constant assets - assumed 'assets' (this will throw an Error in a future version of PHP) (View: /opt/lampp/htdocs/royalhotel/resources/views/layouts/frontLayout/header.blade.php) {"exception":"[object] (Facade\\Ignition\\Exceptions\\ViewException(code: 0): Use of undefined constant assets - assumed 'assets' (this will throw an Error in a future version of PHP) (View: /opt/lampp/htdocs/royalhotel/resources/views/layouts/frontLayout/header.blade.php) at /opt/lampp/htdocs/royalhotel/resources/views/layouts/frontLayout/header.blade.php:7)
[stacktrace]
#0 /opt/lampp/htdocs/royalhotel/resources/views/layouts/frontLayout/header.blade.php(7): Illuminate\\Foundation\\Bootstrap\\HandleExceptions->handleError(2, 'Use of undefine...', '/opt/lampp/htdo...', 7, Array)
#1 /opt/lampp/htdocs/royalhotel/vendor/laravel/framework/src/Illuminate/View/Engines/PhpEngine.php(43): include('/opt/lampp/htdo...')
#2 /opt/lampp/htdocs/royalhotel/vendor/laravel/framework/src/Illuminate/View/Engines/CompilerEngine.php(59): Illuminate\\View\\Engines\\PhpEngine->evaluatePath('/opt/lampp/htdo...', Array)
#3 /opt/lampp/htdocs/royalhotel/vendor/facade/ignition/src/Views/Engines/CompilerEngine.php(36): Illuminate\\View\\Engines\\CompilerEngine->get('/opt/lampp/htdo...', Array)
#4 /opt/lampp/htdocs/royalhotel/vendor/laravel/framework/src/Illuminate/View/View.php(143): Facade\\Ignition\\Views\\Engines\\CompilerEngine->get('/opt/lampp/htdo...', Array)
#5 /opt/lampp/htdocs/royalhotel/vendor/laravel/framework/src/Illuminate/View/View.php(126): Illuminate\\View\\View->getContents()
#6 /opt/lampp/htdocs/royalhotel/vendor/laravel/framework/src/Illuminate/View/View.php(91): Illuminate\\View\\View->renderContents()
#7 /opt/lampp/htdocs/royalhotel/resources/views/layouts/frontLayout/front_design.blade.php(26): Illuminate\\View\\View->render()
#8 /opt/lampp/htdocs/royalhotel/vendor/laravel/framework/src/Illuminate/View/Engines/PhpEngine.php(43): include('/opt/lampp/htdo...')
#9 /opt/lampp/htdocs/royalhotel/vendor/laravel/framework/src/Illuminate/View/Engines/CompilerEngine.php(59): Illuminate\\View\\Engines\\PhpEngine->evaluatePath('/opt/lampp/htdo...', Array)
#10 /opt/lampp/htdocs/royalhotel/vendor/facade/ignition/src/Views/Engines/CompilerEngine.php(36): Illuminate\\View\\Engines\\CompilerEngine->get('/opt/lampp/htdo...', Array)
#11 /opt/lampp/htdocs/royalhotel/vendor/laravel/framework/src/Illuminate/View/View.php(143): Facade\\Ignition\\Views\\Engines\\CompilerEngine->get('/opt/lampp/htdo...', Array)
#12 /opt/lampp/htdocs/royalhotel/vendor/laravel/framework/src/Illuminate/View/View.php(126): Illuminate\\View\\View->getContents()
#13 /opt/lampp/htdocs/royalhotel/vendor/laravel/framework/src/Illuminate/View/View.php(91): Illuminate\\View\\View->renderContents()
#14 /opt/lampp/htdocs/royalhotel/resources/views/frontpages/index.blade.php(114): Illuminate\\View\\View->render()
#15 /opt/lampp/htdocs/royalhotel/vendor/laravel/framework/src/Illuminate/View/Engines/PhpEngine.php(43): include('/opt/lampp/htdo...')
#16 /opt/lampp/htdocs/royalhotel/vendor/laravel/framework/src/Illuminate/View/Engines/CompilerEngine.php(59): Illuminate\\View\\Engines\\PhpEngine->evaluatePath('/opt/lampp/htdo...', Array)
#17 /opt/lampp/htdocs/royalhotel/vendor/facade/ignition/src/Views/Engines/CompilerEngine.php(36): Illuminate\\View\\Engines\\CompilerEngine->get('/opt/lampp/htdo...', Array)
#18 /opt/lampp/htdocs/royalhotel/vendor/laravel/framework/src/Illuminate/View/View.php(143): Facade\\Ignition\\Views\\Engines\\CompilerEngine->get('/opt/lampp/htdo...', Array)
#19 /opt/lampp/htdocs/royalhotel/vendor/laravel/framework/src/Illuminate/View/View.php(126): Illuminate\\View\\View->getContents()
#20 /opt/lampp/htdocs/royalhotel/vendor/laravel/framework/src/Illuminate/View/View.php(91): Illuminate\\View\\View->renderContents()
#21 /opt/lampp/htdocs/royalhotel/vendor/laravel/framework/src/Illuminate/Http/Response.php(42): Illuminate\\View\\View->render()
#22 /opt/lampp/htdocs/royalhotel/vendor/symfony/http-foundation/Response.php(202): Illuminate\\Http\\Response->setContent(Object(Illuminate\\View\\View))
#23 /opt/lampp/htdocs/royalhotel/vendor/laravel/framework/src/Illuminate/Routing/Router.php(760): Symfony\\Component\\HttpFoundation\\Response->__construct(Object(Illuminate\\View\\View))
#24 /opt/lampp/htdocs/royalhotel/vendor/laravel/framework/src/Illuminate/Routing/Router.php(732): Illuminate\\Routing\\Router::toResponse(Object(Illuminate\\Http\\Request), Object(Illuminate\\View\\View))
#25 /opt/lampp/htdocs/royalhotel/vendor/laravel/framework/src/Illuminate/Routing/Router.php(692): Illuminate\\Routing\\Router->prepareResponse(Object(Illuminate\\Http\\Request), Object(Illuminate\\View\\View))
#26 /opt/lampp/htdocs/royalhotel/vendor/laravel/framework/src/Illuminate/Pipeline/Pipeline.php(130): Illuminate\\Routing\\Router->Illuminate\\Routing\\{closure}(Object(Illuminate\\Http\\Request))
#27 /opt/lampp/htdocs/royalhotel/vendor/laravel/framework/src/Illuminate/Routing/Middleware/SubstituteBindings.php(41): Illuminate\\Pipeline\\Pipeline->Illuminate\\Pipeline\\{closure}(Object(Illuminate\\Http\\Request))
#28 /opt/lampp/htdocs/royalhotel/vendor/laravel/framework/src/Illuminate/Pipeline/Pipeline.php(171): Illuminate\\Routing\\Middleware\\SubstituteBindings->handle(Object(Illuminate\\Http\\Request), Object(Closure))
#29 /opt/lampp/htdocs/royalhotel/vendor/laravel/framework/src/Illuminate/Foundation/Http/Middleware/VerifyCsrfToken.php(76): Illuminate\\Pipeline\\Pipeline->Illuminate\\Pipeline\\{closure}(Object(Illuminate\\Http\\Request))
#30 /opt/lampp/htdocs/royalhotel/vendor/laravel/framework/src/Illuminate/Pipeline/Pipeline.php(171): Illuminate\\Foundation\\Http\\Middleware\\VerifyCsrfToken->handle(Object(Illuminate\\Http\\Request), Object(Closure))
#31 /opt/lampp/htdocs/royalhotel/vendor/laravel/framework/src/Illuminate/View/Middleware/ShareErrorsFromSession.php(49): Illuminate\\Pipeline\\Pipeline->Illuminate\\Pipeline\\{closure}(Object(Illuminate\\Http\\Request))
#32 /opt/lampp/htdocs/royalhotel/vendor/laravel/framework/src/Illuminate/Pipeline/Pipeline.php(171): Illuminate\\View\\Middleware\\ShareErrorsFromSession->handle(Object(Illuminate\\Http\\Request), Object(Closure))
#33 /opt/lampp/htdocs/royalhotel/vendor/laravel/framework/src/Illuminate/Session/Middleware/StartSession.php(56): Illuminate\\Pipeline\\Pipeline->Illuminate\\Pipeline\\{closure}(Object(Illuminate\\Http\\Request))
#34 /opt/lampp/htdocs/royalhotel/vendor/laravel/framework/src/Illuminate/Pipeline/Pipeline.php(171): Illuminate\\Session\\Middleware\\StartSession->handle(Object(Illuminate\\Http\\Request), Object(Closure))
#35 /opt/lampp/htdocs/royalhotel/vendor/laravel/framework/src/Illuminate/Cookie/Middleware/AddQueuedCookiesToResponse.php(37): Illuminate\\Pipeline\\Pipeline->Illuminate\\Pipeline\\{closure}(Object(Illuminate\\Http\\Request))
#36 /opt/lampp/htdocs/royalhotel/vendor/laravel/framework/src/Illuminate/Pipeline/Pipeline.php(171): Illuminate\\Cookie\\Middleware\\AddQueuedCookiesToResponse->handle(Object(Illuminate\\Http\\Request), Object(Closure))
#37 /opt/lampp/htdocs/royalhotel/vendor/laravel/framework/src/Illuminate/Cookie/Middleware/EncryptCookies.php(66): Illuminate\\Pipeline\\Pipeline->Illuminate\\Pipeline\\{closure}(Object(Illuminate\\Http\\Request))
#38 /opt/lampp/htdocs/royalhotel/vendor/laravel/framework/src/Illuminate/Pipeline/Pipeline.php(171): Illuminate\\Cookie\\Middleware\\EncryptCookies->handle(Object(Illuminate\\Http\\Request), Object(Closure))
#39 /opt/lampp/htdocs/royalhotel/vendor/laravel/framework/src/Illuminate/Pipeline/Pipeline.php(105): Illuminate\\Pipeline\\Pipeline->Illuminate\\Pipeline\\{closure}(Object(Illuminate\\Http\\Request))
#40 /opt/lampp/htdocs/royalhotel/vendor/laravel/framework/src/Illuminate/Routing/Router.php(694): Illuminate\\Pipeline\\Pipeline->then(Object(Closure))
#41 /opt/lampp/htdocs/royalhotel/vendor/laravel/framework/src/Illuminate/Routing/Router.php(669): Illuminate\\Routing\\Router->runRouteWithinStack(Object(Illuminate\\Routing\\Route), Object(Illuminate\\Http\\Request))
#42 /opt/lampp/htdocs/royalhotel/vendor/laravel/framework/src/Illuminate/Routing/Router.php(635): Illuminate\\Routing\\Router->runRoute(Object(Illuminate\\Http\\Request), Object(Illuminate\\Routing\\Route))
#43 /opt/lampp/htdocs/royalhotel/vendor/laravel/framework/src/Illuminate/Routing/Router.php(624): Illuminate\\Routing\\Router->dispatchToRoute(Object(Illuminate\\Http\\Request))
#44 /opt/lampp/htdocs/royalhotel/vendor/laravel/framework/src/Illuminate/Foundation/Http/Kernel.php(176): Illuminate\\Routing\\Router->dispatch(Object(Illuminate\\Http\\Request))
#45 /opt/lampp/htdocs/royalhotel/vendor/laravel/framework/src/Illuminate/Pipeline/Pipeline.php(130): Illuminate\\Foundation\\Http\\Kernel->Illuminate\\Foundation\\Http\\{closure}(Object(Illuminate\\Http\\Request))
#46 /opt/lampp/htdocs/royalhotel/vendor/laravel/framework/src/Illuminate/Foundation/Http/Middleware/TransformsRequest.php(21): Illuminate\\Pipeline\\Pipeline->Illuminate\\Pipeline\\{closure}(Object(Illuminate\\Http\\Request))
#47 /opt/lampp/htdocs/royalhotel/vendor/laravel/framework/src/Illuminate/Pipeline/Pipeline.php(171): Illuminate\\Foundation\\Http\\Middleware\\TransformsRequest->handle(Object(Illuminate\\Http\\Request), Object(Closure))
#48 /opt/lampp/htdocs/royalhotel/vendor/laravel/framework/src/Illuminate/Foundation/Http/Middleware/TransformsRequest.php(21): Illuminate\\Pipeline\\Pipeline->Illuminate\\Pipeline\\{closure}(Object(Illuminate\\Http\\Request))
#49 /opt/lampp/htdocs/royalhotel/vendor/laravel/framework/src/Illuminate/Pipeline/Pipeline.php(171): Illuminate\\Foundation\\Http\\Middleware\\TransformsRequest->handle(Object(Illuminate\\Http\\Request), Object(Closure))
#50 /opt/lampp/htdocs/royalhotel/vendor/laravel/framework/src/Illuminate/Foundation/Http/Middleware/ValidatePostSize.php(27): Illuminate\\Pipeline\\Pipeline->Illuminate\\Pipeline\\{closure}(Object(Illuminate\\Http\\Request))
#51 /opt/lampp/htdocs/royalhotel/vendor/laravel/framework/src/Illuminate/Pipeline/Pipeline.php(171): Illuminate\\Foundation\\Http\\Middleware\\ValidatePostSize->handle(Object(Illuminate\\Http\\Request), Object(Closure))
#52 /opt/lampp/htdocs/royalhotel/vendor/laravel/framework/src/Illuminate/Foundation/Http/Middleware/CheckForMaintenanceMode.php(62): Illuminate\\Pipeline\\Pipeline->Illuminate\\Pipeline\\{closure}(Object(Illuminate\\Http\\Request))
#53 /opt/lampp/htdocs/royalhotel/vendor/laravel/framework/src/Illuminate/Pipeline/Pipeline.php(171): Illuminate\\Foundation\\Http\\Middleware\\CheckForMaintenanceMode->handle(Object(Illuminate\\Http\\Request), Object(Closure))
#54 /opt/lampp/htdocs/royalhotel/vendor/fideloper/proxy/src/TrustProxies.php(57): Illuminate\\Pipeline\\Pipeline->Illuminate\\Pipeline\\{closure}(Object(Illuminate\\Http\\Request))
#55 /opt/lampp/htdocs/royalhotel/vendor/laravel/framework/src/Illuminate/Pipeline/Pipeline.php(171): Fideloper\\Proxy\\TrustProxies->handle(Object(Illuminate\\Http\\Request), Object(Closure))
#56 /opt/lampp/htdocs/royalhotel/vendor/laravel/framework/src/Illuminate/Pipeline/Pipeline.php(105): Illuminate\\Pipeline\\Pipeline->Illuminate\\Pipeline\\{closure}(Object(Illuminate\\Http\\Request))
#57 /opt/lampp/htdocs/royalhotel/vendor/laravel/framework/src/Illuminate/Foundation/Http/Kernel.php(151): Illuminate\\Pipeline\\Pipeline->then(Object(Closure))
#58 /opt/lampp/htdocs/royalhotel/vendor/laravel/framework/src/Illuminate/Foundation/Http/Kernel.php(116): Illuminate\\Foundation\\Http\\Kernel->sendRequestThroughRouter(Object(Illuminate\\Http\\Request))
#59 /opt/lampp/htdocs/royalhotel/public/index.php(55): Illuminate\\Foundation\\Http\\Kernel->handle(Object(Illuminate\\Http\\Request))
#60 /opt/lampp/htdocs/royalhotel/server.php(21): require_once('/opt/lampp/htdo...')
#61 {main}

[previous exception] [object] (ErrorException(code: 0): Use of undefined constant assets - assumed 'assets' (this will throw an Error in a future version of PHP) at /opt/lampp/htdocs/royalhotel/storage/framework/views/6a47e4a7a357186b24c92fc5b4e11145a8cb400a.php:7)
[stacktrace]
#0 /opt/lampp/htdocs/royalhotel/storage/framework/views/6a47e4a7a357186b24c92fc5b4e11145a8cb400a.php(7): Illuminate\\Foundation\\Bootstrap\\HandleExceptions->handleError(2, 'Use of undefine...', '/opt/lampp/htdo...', 7, Array)
#1 /opt/lampp/htdocs/royalhotel/vendor/laravel/framework/src/Illuminate/View/Engines/PhpEngine.php(43): include('/opt/lampp/htdo...')
#2 /opt/lampp/htdocs/royalhotel/vendor/laravel/framework/src/Illuminate/View/Engines/CompilerEngine.php(59): Illuminate\\View\\Engines\\PhpEngine->evaluatePath('/opt/lampp/htdo...', Array)
#3 /opt/lampp/htdocs/royalhotel/vendor/facade/ignition/src/Views/Engines/CompilerEngine.php(36): Illuminate\\View\\Engines\\CompilerEngine->get('/opt/lampp/htdo...', Array)
#4 /opt/lampp/htdocs/royalhotel/vendor/laravel/framework/src/Illuminate/View/View.php(143): Facade\\Ignition\\Views\\Engines\\CompilerEngine->get('/opt/lampp/htdo...', Array)
#5 /opt/lampp/htdocs/royalhotel/vendor/laravel/framework/src/Illuminate/View/View.php(126): Illuminate\\View\\View->getContents()
#6 /opt/lampp/htdocs/royalhotel/vendor/laravel/framework/src/Illuminate/View/View.php(91): Illuminate\\View\\View->renderContents()
#7 /opt/lampp/htdocs/royalhotel/storage/framework/views/e0f3e79d5e1733a7389f4eb747048a75ba891adf.php(26): Illuminate\\View\\View->render()
#8 /opt/lampp/htdocs/royalhotel/vendor/laravel/framework/src/Illuminate/View/Engines/PhpEngine.php(43): include('/opt/lampp/htdo...')
#9 /opt/lampp/htdocs/royalhotel/vendor/laravel/framework/src/Illuminate/View/Engines/CompilerEngine.php(59): Illuminate\\View\\Engines\\PhpEngine->evaluatePath('/opt/lampp/htdo...', Array)
#10 /opt/lampp/htdocs/royalhotel/vendor/facade/ignition/src/Views/Engines/CompilerEngine.php(36): Illuminate\\View\\Engines\\CompilerEngine->get('/opt/lampp/htdo...', Array)
#11 /opt/lampp/htdocs/royalhotel/vendor/laravel/framework/src/Illuminate/View/View.php(143): Facade\\Ignition\\Views\\Engines\\CompilerEngine->get('/opt/lampp/htdo...', Array)
#12 /opt/lampp/htdocs/royalhotel/vendor/laravel/framework/src/Illuminate/View/View.php(126): Illuminate\\View\\View->getContents()
#13 /opt/lampp/htdocs/royalhotel/vendor/laravel/framework/src/Illuminate/View/View.php(91): Illuminate\\View\\View->renderContents()
#14 /opt/lampp/htdocs/royalhotel/storage/framework/views/3bba6700d625ff73833f3ee13a16a5d519b0e218.php(114): Illuminate\\View\\View->render()
#15 /opt/lampp/htdocs/royalhotel/vendor/laravel/framework/src/Illuminate/View/Engines/PhpEngine.php(43): include('/opt/lampp/htdo...')
#16 /opt/lampp/htdocs/royalhotel/vendor/laravel/framework/src/Illuminate/View/Engines/CompilerEngine.php(59): Illuminate\\View\\Engines\\PhpEngine->evaluatePath('/opt/lampp/htdo...', Array)
#17 /opt/lampp/htdocs/royalhotel/vendor/facade/ignition/src/Views/Engines/CompilerEngine.php(36): Illuminate\\View\\Engines\\CompilerEngine->get('/opt/lampp/htdo...', Array)
#18 /opt/lampp/htdocs/royalhotel/vendor/laravel/framework/src/Illuminate/View/View.php(143): Facade\\Ignition\\Views\\Engines\\CompilerEngine->get('/opt/lampp/htdo...', Array)
#19 /opt/lampp/htdocs/royalhotel/vendor/laravel/framework/src/Illuminate/View/View.php(126): Illuminate\\View\\View->getContents()
#20 /opt/lampp/htdocs/royalhotel/vendor/laravel/framework/src/Illuminate/View/View.php(91): Illuminate\\View\\View->renderContents()
#21 /opt/lampp/htdocs/royalhotel/vendor/laravel/framework/src/Illuminate/Http/Response.php(42): Illuminate\\View\\View->render()
#22 /opt/lampp/htdocs/royalhotel/vendor/symfony/http-foundation/Response.php(202): Illuminate\\Http\\Response->setContent(Object(Illuminate\\View\\View))
#23 /opt/lampp/htdocs/royalhotel/vendor/laravel/framework/src/Illuminate/Routing/Router.php(760): Symfony\\Component\\HttpFoundation\\Response->__construct(Object(Illuminate\\View\\View))
#24 /opt/lampp/htdocs/royalhotel/vendor/laravel/framework/src/Illuminate/Routing/Router.php(732): Illuminate\\Routing\\Router::toResponse(Object(Illuminate\\Http\\Request), Object(Illuminate\\View\\View))
#25 /opt/lampp/htdocs/royalhotel/vendor/laravel/framework/src/Illuminate/Routing/Router.php(692): Illuminate\\Routing\\Router->prepareResponse(Object(Illuminate\\Http\\Request), Object(Illuminate\\View\\View))
#26 /opt/lampp/htdocs/royalhotel/vendor/laravel/framework/src/Illuminate/Pipeline/Pipeline.php(130): Illuminate\\Routing\\Router->Illuminate\\Routing\\{closure}(Object(Illuminate\\Http\\Request))
#27 /opt/lampp/htdocs/royalhotel/vendor/laravel/framework/src/Illuminate/Routing/Middleware/SubstituteBindings.php(41): Illuminate\\Pipeline\\Pipeline->Illuminate\\Pipeline\\{closure}(Object(Illuminate\\Http\\Request))
#28 /opt/lampp/htdocs/royalhotel/vendor/laravel/framework/src/Illuminate/Pipeline/Pipeline.php(171): Illuminate\\Routing\\Middleware\\SubstituteBindings->handle(Object(Illuminate\\Http\\Request), Object(Closure))
#29 /opt/lampp/htdocs/royalhotel/vendor/laravel/framework/src/Illuminate/Foundation/Http/Middleware/VerifyCsrfToken.php(76): Illuminate\\Pipeline\\Pipeline->Illuminate\\Pipeline\\{closure}(Object(Illuminate\\Http\\Request))
#30 /opt/lampp/htdocs/royalhotel/vendor/laravel/framework/src/Illuminate/Pipeline/Pipeline.php(171): Illuminate\\Foundation\\Http\\Middleware\\VerifyCsrfToken->handle(Object(Illuminate\\Http\\Request), Object(Closure))
#31 /opt/lampp/htdocs/royalhotel/vendor/laravel/framework/src/Illuminate/View/Middleware/ShareErrorsFromSession.php(49): Illuminate\\Pipeline\\Pipeline->Illuminate\\Pipeline\\{closure}(Object(Illuminate\\Http\\Request))
#32 /opt/lampp/htdocs/royalhotel/vendor/laravel/framework/src/Illuminate/Pipeline/Pipeline.php(171): Illuminate\\View\\Middleware\\ShareErrorsFromSession->handle(Object(Illuminate\\Http\\Request), Object(Closure))
#33 /opt/lampp/htdocs/royalhotel/vendor/laravel/framework/src/Illuminate/Session/Middleware/StartSession.php(56): Illuminate\\Pipeline\\Pipeline->Illuminate\\Pipeline\\{closure}(Object(Illuminate\\Http\\Request))
#34 /opt/lampp/htdocs/royalhotel/vendor/laravel/framework/src/Illuminate/Pipeline/Pipeline.php(171): Illuminate\\Session\\Middleware\\StartSession->handle(Object(Illuminate\\Http\\Request), Object(Closure))
#35 /opt/lampp/htdocs/royalhotel/vendor/laravel/framework/src/Illuminate/Cookie/Middleware/AddQueuedCookiesToResponse.php(37): Illuminate\\Pipeline\\Pipeline->Illuminate\\Pipeline\\{closure}(Object(Illuminate\\Http\\Request))
#36 /opt/lampp/htdocs/royalhotel/vendor/laravel/framework/src/Illuminate/Pipeline/Pipeline.php(171): Illuminate\\Cookie\\Middleware\\AddQueuedCookiesToResponse->handle(Object(Illuminate\\Http\\Request), Object(Closure))
#37 /opt/lampp/htdocs/royalhotel/vendor/laravel/framework/src/Illuminate/Cookie/Middleware/EncryptCookies.php(66): Illuminate\\Pipeline\\Pipeline->Illuminate\\Pipeline\\{closure}(Object(Illuminate\\Http\\Request))
#38 /opt/lampp/htdocs/royalhotel/vendor/laravel/framework/src/Illuminate/Pipeline/Pipeline.php(171): Illuminate\\Cookie\\Middleware\\EncryptCookies->handle(Object(Illuminate\\Http\\Request), Object(Closure))
#39 /opt/lampp/htdocs/royalhotel/vendor/laravel/framework/src/Illuminate/Pipeline/Pipeline.php(105): Illuminate\\Pipeline\\Pipeline->Illuminate\\Pipeline\\{closure}(Object(Illuminate\\Http\\Request))
#40 /opt/lampp/htdocs/royalhotel/vendor/laravel/framework/src/Illuminate/Routing/Router.php(694): Illuminate\\Pipeline\\Pipeline->then(Object(Closure))
#41 /opt/lampp/htdocs/royalhotel/vendor/laravel/framework/src/Illuminate/Routing/Router.php(669): Illuminate\\Routing\\Router->runRouteWithinStack(Object(Illuminate\\Routing\\Route), Object(Illuminate\\Http\\Request))
#42 /opt/lampp/htdocs/royalhotel/vendor/laravel/framework/src/Illuminate/Routing/Router.php(635): Illuminate\\Routing\\Router->runRoute(Object(Illuminate\\Http\\Request), Object(Illuminate\\Routing\\Route))
#43 /opt/lampp/htdocs/royalhotel/vendor/laravel/framework/src/Illuminate/Routing/Router.php(624): Illuminate\\Routing\\Router->dispatchToRoute(Object(Illuminate\\Http\\Request))
#44 /opt/lampp/htdocs/royalhotel/vendor/laravel/framework/src/Illuminate/Foundation/Http/Kernel.php(176): Illuminate\\Routing\\Router->dispatch(Object(Illuminate\\Http\\Request))
#45 /opt/lampp/htdocs/royalhotel/vendor/laravel/framework/src/Illuminate/Pipeline/Pipeline.php(130): Illuminate\\Foundation\\Http\\Kernel->Illuminate\\Foundation\\Http\\{closure}(Object(Illuminate\\Http\\Request))
#46 /opt/lampp/htdocs/royalhotel/vendor/laravel/framework/src/Illuminate/Foundation/Http/Middleware/TransformsRequest.php(21): Illuminate\\Pipeline\\Pipeline->Illuminate\\Pipeline\\{closure}(Object(Illuminate\\Http\\Request))
#47 /opt/lampp/htdocs/royalhotel/vendor/laravel/framework/src/Illuminate/Pipeline/Pipeline.php(171): Illuminate\\Foundation\\Http\\Middleware\\TransformsRequest->handle(Object(Illuminate\\Http\\Request), Object(Closure))
#48 /opt/lampp/htdocs/royalhotel/vendor/laravel/framework/src/Illuminate/Foundation/Http/Middleware/TransformsRequest.php(21): Illuminate\\Pipeline\\Pipeline->Illuminate\\Pipeline\\{closure}(Object(Illuminate\\Http\\Request))
#49 /opt/lampp/htdocs/royalhotel/vendor/laravel/framework/src/Illuminate/Pipeline/Pipeline.php(171): Illuminate\\Foundation\\Http\\Middleware\\TransformsRequest->handle(Object(Illuminate\\Http\\Request), Object(Closure))
#50 /opt/lampp/htdocs/royalhotel/vendor/laravel/framework/src/Illuminate/Foundation/Http/Middleware/ValidatePostSize.php(27): Illuminate\\Pipeline\\Pipeline->Illuminate\\Pipeline\\{closure}(Object(Illuminate\\Http\\Request))
#51 /opt/lampp/htdocs/royalhotel/vendor/laravel/framework/src/Illuminate/Pipeline/Pipeline.php(171): Illuminate\\Foundation\\Http\\Middleware\\ValidatePostSize->handle(Object(Illuminate\\Http\\Request), Object(Closure))
#52 /opt/lampp/htdocs/royalhotel/vendor/laravel/framework/src/Illuminate/Foundation/Http/Middleware/CheckForMaintenanceMode.php(62): Illuminate\\Pipeline\\Pipeline->Illuminate\\Pipeline\\{closure}(Object(Illuminate\\Http\\Request))
#53 /opt/lampp/htdocs/royalhotel/vendor/laravel/framework/src/Illuminate/Pipeline/Pipeline.php(171): Illuminate\\Foundation\\Http\\Middleware\\CheckForMaintenanceMode->handle(Object(Illuminate\\Http\\Request), Object(Closure))
#54 /opt/lampp/htdocs/royalhotel/vendor/fideloper/proxy/src/TrustProxies.php(57): Illuminate\\Pipeline\\Pipeline->Illuminate\\Pipeline\\{closure}(Object(Illuminate\\Http\\Request))
#55 /opt/lampp/htdocs/royalhotel/vendor/laravel/framework/src/Illuminate/Pipeline/Pipeline.php(171): Fideloper\\Proxy\\TrustProxies->handle(Object(Illuminate\\Http\\Request), Object(Closure))
#56 /opt/lampp/htdocs/royalhotel/vendor/laravel/framework/src/Illuminate/Pipeline/Pipeline.php(105): Illuminate\\Pipeline\\Pipeline->Illuminate\\Pipeline\\{closure}(Object(Illuminate\\Http\\Request))
#57 /opt/lampp/htdocs/royalhotel/vendor/laravel/framework/src/Illuminate/Foundation/Http/Kernel.php(151): Illuminate\\Pipeline\\Pipeline->then(Object(Closure))
#58 /opt/lampp/htdocs/royalhotel/vendor/laravel/framework/src/Illuminate/Foundation/Http/Kernel.php(116): Illuminate\\Foundation\\Http\\Kernel->sendRequestThroughRouter(Object(Illuminate\\Http\\Request))
#59 /opt/lampp/htdocs/royalhotel/public/index.php(55): Illuminate\\Foundation\\Http\\Kernel->handle(Object(Illuminate\\Http\\Request))
#60 /opt/lampp/htdocs/royalhotel/server.php(21): require_once('/opt/lampp/htdo...')
#61 {main}
"} 
